2016-06-29 15:13:45.355  INFO 1112 --- [main] com.jci.registry.ApplicationTests        : The following profiles are active: default
2016-06-29 15:13:45.377  INFO 1112 --- [main] o.s.w.c.s.GenericWebApplicationContext   : Refreshing org.springframework.web.context.support.GenericWebApplicationContext@2374d36a: startup date [Wed Jun 29 15:13:45 IST 2016]; parent: org.springframework.context.annotation.AnnotationConfigApplicationContext@73e9cf30
2016-06-29 15:13:46.486  WARN 1112 --- [main] o.s.c.a.ConfigurationClassPostProcessor  : Cannot enhance @Configuration bean definition 'refreshScope' since its singleton instance has been created too early. The typical cause is a non-static @Bean method with a BeanDefinitionRegistryPostProcessor return type: Consider declaring such methods as 'static'.
2016-06-29 15:13:46.706  INFO 1112 --- [main] o.s.cloud.context.scope.GenericScope     : BeanFactory id=a7ad3408-e8b7-39d2-a255-6b2b4cf69dea
2016-06-29 15:13:46.720  INFO 1112 --- [main] f.a.AutowiredAnnotationBeanPostProcessor : JSR-330 'javax.inject.Inject' annotation found and supported for autowiring
2016-06-29 15:13:46.748  INFO 1112 --- [main] trationDelegate$BeanPostProcessorChecker : Bean 'org.springframework.cloud.autoconfigure.ConfigurationPropertiesRebinderAutoConfiguration' of type [class org.springframework.cloud.autoconfigure.ConfigurationPropertiesRebinderAutoConfiguration$$EnhancerBySpringCGLIB$$715b85b7] is not eligible for getting processed by all BeanPostProcessors (for example: not eligible for auto-proxying)
2016-06-29 15:13:46.758  INFO 1112 --- [main] trationDelegate$BeanPostProcessorChecker : Bean 'org.springframework.cloud.autoconfigure.RefreshEndpointAutoConfiguration' of type [class org.springframework.cloud.autoconfigure.RefreshEndpointAutoConfiguration$$EnhancerBySpringCGLIB$$1aba87ad] is not eligible for getting processed by all BeanPostProcessors (for example: not eligible for auto-proxying)
2016-06-29 15:13:47.599  INFO 1112 --- [main] o.s.c.n.eureka.InstanceInfoFactory       : Setting initial instance status as: STARTING
2016-06-29 15:13:47.696  INFO 1112 --- [main] com.netflix.discovery.DiscoveryClient    : Client configured to neither register nor query for data.
2016-06-29 15:13:47.815  INFO 1112 --- [main] c.n.eureka.DefaultEurekaServerContext    : Initializing ...
2016-06-29 15:13:47.820  WARN 1112 --- [main] c.n.eureka.cluster.PeerEurekaNodes       : The replica size seems to be empty. Check the route 53 DNS Registry
2016-06-29 15:13:47.854  INFO 1112 --- [main] c.n.e.registry.AbstractInstanceRegistry  : Finished initializing remote region registries. All known remote regions: []
2016-06-29 15:13:47.859  INFO 1112 --- [main] c.n.eureka.DefaultEurekaServerContext    : Initialized
2016-06-29 15:13:48.712  INFO 1112 --- [main] s.w.s.m.m.a.RequestMappingHandlerAdapter : Looking for @ControllerAdvice: org.springframework.web.context.support.GenericWebApplicationContext@2374d36a: startup date [Wed Jun 29 15:13:45 IST 2016]; parent: org.springframework.context.annotation.AnnotationConfigApplicationContext@73e9cf30
2016-06-29 15:13:48.838  INFO 1112 --- [main] s.w.s.m.m.a.RequestMappingHandlerMapping : Mapped "{[/],methods=[GET]}" onto public java.lang.String org.springframework.cloud.netflix.eureka.server.EurekaController.status(javax.servlet.http.HttpServletRequest,java.util.Map<java.lang.String, java.lang.Object>)
2016-06-29 15:13:48.840  INFO 1112 --- [main] s.w.s.m.m.a.RequestMappingHandlerMapping : Mapped "{[/lastn],methods=[GET]}" onto public java.lang.String org.springframework.cloud.netflix.eureka.server.EurekaController.lastn(javax.servlet.http.HttpServletRequest,java.util.Map<java.lang.String, java.lang.Object>)
2016-06-29 15:13:48.843  INFO 1112 --- [main] s.w.s.m.m.a.RequestMappingHandlerMapping : Mapped "{[/error]}" onto public org.springframework.http.ResponseEntity<java.util.Map<java.lang.String, java.lang.Object>> org.springframework.boot.autoconfigure.web.BasicErrorController.error(javax.servlet.http.HttpServletRequest)
2016-06-29 15:13:48.844  INFO 1112 --- [main] s.w.s.m.m.a.RequestMappingHandlerMapping : Mapped "{[/error],produces=[text/html]}" onto public org.springframework.web.servlet.ModelAndView org.springframework.boot.autoconfigure.web.BasicErrorController.errorHtml(javax.servlet.http.HttpServletRequest,javax.servlet.http.HttpServletResponse)
2016-06-29 15:13:48.884  INFO 1112 --- [main] o.s.w.s.handler.SimpleUrlHandlerMapping  : Mapped URL path [/webjars/**] onto handler of type [class org.springframework.web.servlet.resource.ResourceHttpRequestHandler]
2016-06-29 15:13:48.885  INFO 1112 --- [main] o.s.w.s.handler.SimpleUrlHandlerMapping  : Mapped URL path [/**] onto handler of type [class org.springframework.web.servlet.resource.ResourceHttpRequestHandler]
2016-06-29 15:13:48.948  INFO 1112 --- [main] o.s.w.s.handler.SimpleUrlHandlerMapping  : Mapped URL path [/**/favicon.ico] onto handler of type [class org.springframework.web.servlet.resource.ResourceHttpRequestHandler]
2016-06-29 15:13:49.694  INFO 1112 --- [main] o.s.b.a.e.mvc.EndpointHandlerMapping     : Mapped "{[/info || /info.json],methods=[GET],produces=[application/json]}" onto public java.lang.Object org.springframework.boot.actuate.endpoint.mvc.EndpointMvcAdapter.invoke()
2016-06-29 15:13:49.696  INFO 1112 --- [main] o.s.b.a.e.mvc.EndpointHandlerMapping     : Mapped "{[/refresh || /refresh.json],methods=[POST]}" onto public java.lang.Object org.springframework.cloud.endpoint.GenericPostableMvcEndpoint.invoke()
2016-06-29 15:13:49.699  INFO 1112 --- [main] o.s.b.a.e.mvc.EndpointHandlerMapping     : Mapped "{[/resume || /resume.json],methods=[POST]}" onto public java.lang.Object org.springframework.cloud.endpoint.GenericPostableMvcEndpoint.invoke()
2016-06-29 15:13:49.700  INFO 1112 --- [main] o.s.b.a.e.mvc.EndpointHandlerMapping     : Mapped "{[/health || /health.json],produces=[application/json]}" onto public java.lang.Object org.springframework.boot.actuate.endpoint.mvc.HealthMvcEndpoint.invoke(java.security.Principal)
2016-06-29 15:13:49.701  INFO 1112 --- [main] o.s.b.a.e.mvc.EndpointHandlerMapping     : Mapped "{[/metrics/{name:.*}],methods=[GET],produces=[application/json]}" onto public java.lang.Object org.springframework.boot.actuate.endpoint.mvc.MetricsMvcEndpoint.value(java.lang.String)
2016-06-29 15:13:49.701  INFO 1112 --- [main] o.s.b.a.e.mvc.EndpointHandlerMapping     : Mapped "{[/metrics || /metrics.json],methods=[GET],produces=[application/json]}" onto public java.lang.Object org.springframework.boot.actuate.endpoint.mvc.EndpointMvcAdapter.invoke()
2016-06-29 15:13:49.702  INFO 1112 --- [main] o.s.b.a.e.mvc.EndpointHandlerMapping     : Mapped "{[/restart || /restart.json],methods=[POST]}" onto public java.lang.Object org.springframework.cloud.context.restart.RestartMvcEndpoint.invoke()
2016-06-29 15:13:49.703  INFO 1112 --- [main] o.s.b.a.e.mvc.EndpointHandlerMapping     : Mapped "{[/logfile || /logfile.json],methods=[GET || HEAD]}" onto public void org.springframework.boot.actuate.endpoint.mvc.LogFileMvcEndpoint.invoke(javax.servlet.http.HttpServletRequest,javax.servlet.http.HttpServletResponse) throws javax.servlet.ServletException,java.io.IOException
2016-06-29 15:13:49.704  INFO 1112 --- [main] o.s.b.a.e.mvc.EndpointHandlerMapping     : Mapped "{[/features || /features.json],methods=[GET],produces=[application/json]}" onto public java.lang.Object org.springframework.boot.actuate.endpoint.mvc.EndpointMvcAdapter.invoke()
2016-06-29 15:13:49.708  INFO 1112 --- [main] o.s.b.a.e.mvc.EndpointHandlerMapping     : Mapped "{[/env/{name:.*}],methods=[GET],produces=[application/json]}" onto public java.lang.Object org.springframework.boot.actuate.endpoint.mvc.EnvironmentMvcEndpoint.value(java.lang.String)
2016-06-29 15:13:49.711  INFO 1112 --- [main] o.s.b.a.e.mvc.EndpointHandlerMapping     : Mapped "{[/env || /env.json],methods=[GET],produces=[application/json]}" onto public java.lang.Object org.springframework.boot.actuate.endpoint.mvc.EndpointMvcAdapter.invoke()
2016-06-29 15:13:49.712  INFO 1112 --- [main] o.s.b.a.e.mvc.EndpointHandlerMapping     : Mapped "{[/env],methods=[POST]}" onto public java.lang.Object org.springframework.cloud.context.environment.EnvironmentManagerMvcEndpoint.value(java.util.Map<java.lang.String, java.lang.String>)
2016-06-29 15:13:49.713  INFO 1112 --- [main] o.s.b.a.e.mvc.EndpointHandlerMapping     : Mapped "{[/env/reset],methods=[POST]}" onto public java.util.Map<java.lang.String, java.lang.Object> org.springframework.cloud.context.environment.EnvironmentManagerMvcEndpoint.reset()
2016-06-29 15:13:49.715  INFO 1112 --- [main] o.s.b.a.e.mvc.EndpointHandlerMapping     : Mapped "{[/mappings || /mappings.json],methods=[GET],produces=[application/json]}" onto public java.lang.Object org.springframework.boot.actuate.endpoint.mvc.EndpointMvcAdapter.invoke()
2016-06-29 15:13:49.717  INFO 1112 --- [main] o.s.b.a.e.mvc.EndpointHandlerMapping     : Mapped "{[/beans || /beans.json],methods=[GET],produces=[application/json]}" onto public java.lang.Object org.springframework.boot.actuate.endpoint.mvc.EndpointMvcAdapter.invoke()
2016-06-29 15:13:49.718  INFO 1112 --- [main] o.s.b.a.e.mvc.EndpointHandlerMapping     : Mapped "{[/pause || /pause.json],methods=[POST]}" onto public java.lang.Object org.springframework.cloud.endpoint.GenericPostableMvcEndpoint.invoke()
2016-06-29 15:13:49.719  INFO 1112 --- [main] o.s.b.a.e.mvc.EndpointHandlerMapping     : Mapped "{[/autoconfig || /autoconfig.json],methods=[GET],produces=[application/json]}" onto public java.lang.Object org.springframework.boot.actuate.endpoint.mvc.EndpointMvcAdapter.invoke()
2016-06-29 15:13:49.724  INFO 1112 --- [main] o.s.b.a.e.mvc.EndpointHandlerMapping     : Mapped "{[/trace || /trace.json],methods=[GET],produces=[application/json]}" onto public java.lang.Object org.springframework.boot.actuate.endpoint.mvc.EndpointMvcAdapter.invoke()
2016-06-29 15:13:49.725  INFO 1112 --- [main] o.s.b.a.e.mvc.EndpointHandlerMapping     : Mapped "{[/archaius || /archaius.json],methods=[GET],produces=[application/json]}" onto public java.lang.Object org.springframework.boot.actuate.endpoint.mvc.EndpointMvcAdapter.invoke()
2016-06-29 15:13:49.725  INFO 1112 --- [main] o.s.b.a.e.mvc.EndpointHandlerMapping     : Mapped "{[/dump || /dump.json],methods=[GET],produces=[application/json]}" onto public java.lang.Object org.springframework.boot.actuate.endpoint.mvc.EndpointMvcAdapter.invoke()
2016-06-29 15:13:49.726  INFO 1112 --- [main] o.s.b.a.e.mvc.EndpointHandlerMapping     : Mapped "{[/configprops || /configprops.json],methods=[GET],produces=[application/json]}" onto public java.lang.Object org.springframework.boot.actuate.endpoint.mvc.EndpointMvcAdapter.invoke()
2016-06-29 15:13:49.888  INFO 1112 --- [main] o.s.ui.freemarker.SpringTemplateLoader   : SpringTemplateLoader for FreeMarker: using resource loader [org.springframework.web.context.support.GenericWebApplicationContext@2374d36a: startup date [Wed Jun 29 15:13:45 IST 2016]; parent: org.springframework.context.annotation.AnnotationConfigApplicationContext@73e9cf30] and template loader path [classpath:/templates/]
2016-06-29 15:13:49.892  INFO 1112 --- [main] o.s.w.s.v.f.FreeMarkerConfigurer         : ClassTemplateLoader for Spring macros added to FreeMarker configuration
2016-06-29 15:13:50.000  WARN 1112 --- [main] c.n.c.sources.URLConfigurationSource     : No URLs will be polled as dynamic configuration sources.
2016-06-29 15:13:50.000  INFO 1112 --- [main] c.n.c.sources.URLConfigurationSource     : To enable URLs as dynamic configuration sources, define System property archaius.configurationSource.additionalUrls or make config.properties available on classpath.
2016-06-29 15:13:50.018  WARN 1112 --- [main] c.n.c.sources.URLConfigurationSource     : No URLs will be polled as dynamic configuration sources.
2016-06-29 15:13:50.018  INFO 1112 --- [main] c.n.c.sources.URLConfigurationSource     : To enable URLs as dynamic configuration sources, define System property archaius.configurationSource.additionalUrls or make config.properties available on classpath.
2016-06-29 15:13:50.354  INFO 1112 --- [main] o.s.c.support.DefaultLifecycleProcessor  : Starting beans in phase 0
2016-06-29 15:13:50.357  INFO 1112 --- [Thread-9] o.s.c.n.e.server.EurekaServerBootstrap   : Setting the eureka configuration..
2016-06-29 15:13:50.358  INFO 1112 --- [main] c.n.e.EurekaDiscoveryClientConfiguration : Registering application eureka-server with eureka with status UP
2016-06-29 15:13:50.362  INFO 1112 --- [Thread-9] o.s.c.n.e.server.EurekaServerBootstrap   : Eureka data center value eureka.datacenter is not set, defaulting to default
2016-06-29 15:13:50.365  INFO 1112 --- [Thread-9] o.s.c.n.e.server.EurekaServerBootstrap   : Eureka environment value eureka.environment is not set, defaulting to test
2016-06-29 15:13:50.478  INFO 1112 --- [main] com.jci.registry.ApplicationTests        : Started ApplicationTests in 12.031 seconds (JVM running for 12.86)
2016-06-29 15:13:50.480  INFO 1112 --- [Thread-9] o.s.c.n.e.server.EurekaServerBootstrap   : isAws returned false
2016-06-29 15:13:50.482  INFO 1112 --- [Thread-9] o.s.c.n.e.server.EurekaServerBootstrap   : Initialized server context
2016-06-29 15:13:50.483  INFO 1112 --- [Thread-9] c.n.e.r.PeerAwareInstanceRegistryImpl    : Got 1 instances from neighboring DS node
2016-06-29 15:13:50.484  INFO 1112 --- [Thread-9] c.n.e.r.PeerAwareInstanceRegistryImpl    : Renew threshold is: 1
2016-06-29 15:13:50.484  INFO 1112 --- [Thread-9] c.n.e.r.PeerAwareInstanceRegistryImpl    : Changing status to UP
2016-06-29 15:13:50.568  INFO 1112 --- [Thread-10] o.s.w.c.s.GenericWebApplicationContext   : Closing org.springframework.web.context.support.GenericWebApplicationContext@2374d36a: startup date [Wed Jun 29 15:13:45 IST 2016]; parent: org.springframework.context.annotation.AnnotationConfigApplicationContext@73e9cf30
2016-06-29 15:13:50.573  INFO 1112 --- [Thread-10] c.n.e.EurekaDiscoveryClientConfiguration : Unregistering application eureka-server with eureka with status DOWN
2016-06-29 15:13:50.577  INFO 1112 --- [Thread-10] o.s.c.support.DefaultLifecycleProcessor  : Stopping beans in phase 0
2016-06-29 15:13:50.602  INFO 1112 --- [Thread-10] c.n.eureka.DefaultEurekaServerContext    : Shutting down ...
2016-06-29 15:13:50.605  INFO 1112 --- [Thread-9] e.s.EurekaServerInitializerConfiguration : Started Eureka Server
2016-06-29 15:13:50.623  INFO 1112 --- [Thread-10] c.n.eureka.DefaultEurekaServerContext    : Shut down
2016-06-29 15:14:02.373  INFO 9764 --- [main] com.jci.registry.Application             : The following profiles are active: default
2016-06-29 15:14:02.404  INFO 9764 --- [main] ationConfigEmbeddedWebApplicationContext : Refreshing org.springframework.boot.context.embedded.AnnotationConfigEmbeddedWebApplicationContext@65df9092: startup date [Wed Jun 29 15:14:02 IST 2016]; parent: org.springframework.context.annotation.AnnotationConfigApplicationContext@ed1926e
2016-06-29 15:14:05.354  WARN 9764 --- [main] o.s.c.a.ConfigurationClassPostProcessor  : Cannot enhance @Configuration bean definition 'refreshScope' since its singleton instance has been created too early. The typical cause is a non-static @Bean method with a BeanDefinitionRegistryPostProcessor return type: Consider declaring such methods as 'static'.
2016-06-29 15:14:05.608  INFO 9764 --- [main] o.s.cloud.context.scope.GenericScope     : BeanFactory id=e5e9c52f-f839-3b1b-9b20-7e6c335d0d78
2016-06-29 15:14:05.626  INFO 9764 --- [main] f.a.AutowiredAnnotationBeanPostProcessor : JSR-330 'javax.inject.Inject' annotation found and supported for autowiring
2016-06-29 15:14:05.668  INFO 9764 --- [main] trationDelegate$BeanPostProcessorChecker : Bean 'org.springframework.cloud.autoconfigure.ConfigurationPropertiesRebinderAutoConfiguration' of type [class org.springframework.cloud.autoconfigure.ConfigurationPropertiesRebinderAutoConfiguration$$EnhancerBySpringCGLIB$$d8988583] is not eligible for getting processed by all BeanPostProcessors (for example: not eligible for auto-proxying)
2016-06-29 15:14:05.680  INFO 9764 --- [main] trationDelegate$BeanPostProcessorChecker : Bean 'org.springframework.cloud.autoconfigure.RefreshEndpointAutoConfiguration' of type [class org.springframework.cloud.autoconfigure.RefreshEndpointAutoConfiguration$$EnhancerBySpringCGLIB$$81f78779] is not eligible for getting processed by all BeanPostProcessors (for example: not eligible for auto-proxying)
2016-06-29 15:14:06.232  INFO 9764 --- [main] s.b.c.e.t.TomcatEmbeddedServletContainer : Tomcat initialized with port(s): 8761 (http)
2016-06-29 15:14:06.247  INFO 9764 --- [main] o.apache.catalina.core.StandardService   : Starting service Tomcat
2016-06-29 15:14:06.251  INFO 9764 --- [main] org.apache.catalina.core.StandardEngine  : Starting Servlet Engine: Apache Tomcat/8.0.33
2016-06-29 15:14:06.549  INFO 9764 --- [localhost-startStop-1] o.a.c.c.C.[Tomcat].[localhost].[/]       : Initializing Spring embedded WebApplicationContext
2016-06-29 15:14:06.550  INFO 9764 --- [localhost-startStop-1] o.s.web.context.ContextLoader            : Root WebApplicationContext: initialization completed in 4146 ms
2016-06-29 15:14:07.779  INFO 9764 --- [localhost-startStop-1] o.s.b.c.embedded.FilterRegistrationBean  : Mapping filter: 'metricFilter' to: [/*]
2016-06-29 15:14:07.780  INFO 9764 --- [localhost-startStop-1] o.s.b.c.embedded.FilterRegistrationBean  : Mapping filter: 'characterEncodingFilter' to: [/*]
2016-06-29 15:14:07.780  INFO 9764 --- [localhost-startStop-1] o.s.b.c.embedded.FilterRegistrationBean  : Mapping filter: 'hiddenHttpMethodFilter' to: [/*]
2016-06-29 15:14:07.781  INFO 9764 --- [localhost-startStop-1] o.s.b.c.embedded.FilterRegistrationBean  : Mapping filter: 'httpPutFormContentFilter' to: [/*]
2016-06-29 15:14:07.781  INFO 9764 --- [localhost-startStop-1] o.s.b.c.embedded.FilterRegistrationBean  : Mapping filter: 'requestContextFilter' to: [/*]
2016-06-29 15:14:07.782  INFO 9764 --- [localhost-startStop-1] o.s.b.c.embedded.FilterRegistrationBean  : Mapping filter: 'webRequestTraceFilter' to: [/*]
2016-06-29 15:14:07.782  INFO 9764 --- [localhost-startStop-1] o.s.b.c.embedded.FilterRegistrationBean  : Mapping filter: 'servletContainer' to urls: [/eureka/*]
2016-06-29 15:14:07.783  INFO 9764 --- [localhost-startStop-1] o.s.b.c.embedded.FilterRegistrationBean  : Mapping filter: 'applicationContextIdFilter' to: [/*]
2016-06-29 15:14:07.783  INFO 9764 --- [localhost-startStop-1] o.s.b.c.e.ServletRegistrationBean        : Mapping servlet: 'dispatcherServlet' to [/]
2016-06-29 15:14:07.971  INFO 9764 --- [localhost-startStop-1] c.s.j.s.i.a.WebApplicationImpl           : Initiating Jersey application, version 'Jersey: 1.19.1 03/11/2016 02:08 PM'
2016-06-29 15:14:08.122  INFO 9764 --- [localhost-startStop-1] c.n.d.provider.DiscoveryJerseyProvider   : Using JSON encoding codec LegacyJacksonJson
2016-06-29 15:14:08.125  INFO 9764 --- [localhost-startStop-1] c.n.d.provider.DiscoveryJerseyProvider   : Using JSON decoding codec LegacyJacksonJson
2016-06-29 15:14:08.376  INFO 9764 --- [localhost-startStop-1] c.n.d.provider.DiscoveryJerseyProvider   : Using XML encoding codec XStreamXml
2016-06-29 15:14:08.377  INFO 9764 --- [localhost-startStop-1] c.n.d.provider.DiscoveryJerseyProvider   : Using XML decoding codec XStreamXml
2016-06-29 15:14:09.343  INFO 9764 --- [main] o.s.c.n.eureka.InstanceInfoFactory       : Setting initial instance status as: STARTING
2016-06-29 15:14:09.451  INFO 9764 --- [main] com.netflix.discovery.DiscoveryClient    : Client configured to neither register nor query for data.
2016-06-29 15:14:09.590  INFO 9764 --- [main] c.n.eureka.DefaultEurekaServerContext    : Initializing ...
2016-06-29 15:14:09.596  WARN 9764 --- [main] c.n.eureka.cluster.PeerEurekaNodes       : The replica size seems to be empty. Check the route 53 DNS Registry
2016-06-29 15:14:09.626  INFO 9764 --- [main] c.n.e.registry.AbstractInstanceRegistry  : Finished initializing remote region registries. All known remote regions: []
2016-06-29 15:14:09.631  INFO 9764 --- [main] c.n.eureka.DefaultEurekaServerContext    : Initialized
2016-06-29 15:14:10.018  INFO 9764 --- [main] s.w.s.m.m.a.RequestMappingHandlerAdapter : Looking for @ControllerAdvice: org.springframework.boot.context.embedded.AnnotationConfigEmbeddedWebApplicationContext@65df9092: startup date [Wed Jun 29 15:14:02 IST 2016]; parent: org.springframework.context.annotation.AnnotationConfigApplicationContext@ed1926e
2016-06-29 15:14:10.177  INFO 9764 --- [main] s.w.s.m.m.a.RequestMappingHandlerMapping : Mapped "{[/],methods=[GET]}" onto public java.lang.String org.springframework.cloud.netflix.eureka.server.EurekaController.status(javax.servlet.http.HttpServletRequest,java.util.Map<java.lang.String, java.lang.Object>)
2016-06-29 15:14:10.180  INFO 9764 --- [main] s.w.s.m.m.a.RequestMappingHandlerMapping : Mapped "{[/lastn],methods=[GET]}" onto public java.lang.String org.springframework.cloud.netflix.eureka.server.EurekaController.lastn(javax.servlet.http.HttpServletRequest,java.util.Map<java.lang.String, java.lang.Object>)
2016-06-29 15:14:10.186  INFO 9764 --- [main] s.w.s.m.m.a.RequestMappingHandlerMapping : Mapped "{[/error]}" onto public org.springframework.http.ResponseEntity<java.util.Map<java.lang.String, java.lang.Object>> org.springframework.boot.autoconfigure.web.BasicErrorController.error(javax.servlet.http.HttpServletRequest)
2016-06-29 15:14:10.190  INFO 9764 --- [main] s.w.s.m.m.a.RequestMappingHandlerMapping : Mapped "{[/error],produces=[text/html]}" onto public org.springframework.web.servlet.ModelAndView org.springframework.boot.autoconfigure.web.BasicErrorController.errorHtml(javax.servlet.http.HttpServletRequest,javax.servlet.http.HttpServletResponse)
2016-06-29 15:14:10.258  INFO 9764 --- [main] o.s.w.s.handler.SimpleUrlHandlerMapping  : Mapped URL path [/webjars/**] onto handler of type [class org.springframework.web.servlet.resource.ResourceHttpRequestHandler]
2016-06-29 15:14:10.259  INFO 9764 --- [main] o.s.w.s.handler.SimpleUrlHandlerMapping  : Mapped URL path [/**] onto handler of type [class org.springframework.web.servlet.resource.ResourceHttpRequestHandler]
2016-06-29 15:14:10.351  INFO 9764 --- [main] o.s.w.s.handler.SimpleUrlHandlerMapping  : Mapped URL path [/**/favicon.ico] onto handler of type [class org.springframework.web.servlet.resource.ResourceHttpRequestHandler]
2016-06-29 15:14:11.151  INFO 9764 --- [main] o.s.b.a.e.mvc.EndpointHandlerMapping     : Mapped "{[/health || /health.json],produces=[application/json]}" onto public java.lang.Object org.springframework.boot.actuate.endpoint.mvc.HealthMvcEndpoint.invoke(java.security.Principal)
2016-06-29 15:14:11.154  INFO 9764 --- [main] o.s.b.a.e.mvc.EndpointHandlerMapping     : Mapped "{[/env/{name:.*}],methods=[GET],produces=[application/json]}" onto public java.lang.Object org.springframework.boot.actuate.endpoint.mvc.EnvironmentMvcEndpoint.value(java.lang.String)
2016-06-29 15:14:11.156  INFO 9764 --- [main] o.s.b.a.e.mvc.EndpointHandlerMapping     : Mapped "{[/env || /env.json],methods=[GET],produces=[application/json]}" onto public java.lang.Object org.springframework.boot.actuate.endpoint.mvc.EndpointMvcAdapter.invoke()
2016-06-29 15:14:11.162  INFO 9764 --- [main] o.s.b.a.e.mvc.EndpointHandlerMapping     : Mapped "{[/beans || /beans.json],methods=[GET],produces=[application/json]}" onto public java.lang.Object org.springframework.boot.actuate.endpoint.mvc.EndpointMvcAdapter.invoke()
2016-06-29 15:14:11.168  INFO 9764 --- [main] o.s.b.a.e.mvc.EndpointHandlerMapping     : Mapped "{[/archaius || /archaius.json],methods=[GET],produces=[application/json]}" onto public java.lang.Object org.springframework.boot.actuate.endpoint.mvc.EndpointMvcAdapter.invoke()
2016-06-29 15:14:11.172  INFO 9764 --- [main] o.s.b.a.e.mvc.EndpointHandlerMapping     : Mapped "{[/restart || /restart.json],methods=[POST]}" onto public java.lang.Object org.springframework.cloud.context.restart.RestartMvcEndpoint.invoke()
2016-06-29 15:14:11.178  INFO 9764 --- [main] o.s.b.a.e.mvc.EndpointHandlerMapping     : Mapped "{[/pause || /pause.json],methods=[POST]}" onto public java.lang.Object org.springframework.cloud.endpoint.GenericPostableMvcEndpoint.invoke()
2016-06-29 15:14:11.185  INFO 9764 --- [main] o.s.b.a.e.mvc.EndpointHandlerMapping     : Mapped "{[/mappings || /mappings.json],methods=[GET],produces=[application/json]}" onto public java.lang.Object org.springframework.boot.actuate.endpoint.mvc.EndpointMvcAdapter.invoke()
2016-06-29 15:14:11.191  INFO 9764 --- [main] o.s.b.a.e.mvc.EndpointHandlerMapping     : Mapped "{[/refresh || /refresh.json],methods=[POST]}" onto public java.lang.Object org.springframework.cloud.endpoint.GenericPostableMvcEndpoint.invoke()
2016-06-29 15:14:11.199  INFO 9764 --- [main] o.s.b.a.e.mvc.EndpointHandlerMapping     : Mapped "{[/features || /features.json],methods=[GET],produces=[application/json]}" onto public java.lang.Object org.springframework.boot.actuate.endpoint.mvc.EndpointMvcAdapter.invoke()
2016-06-29 15:14:11.204  INFO 9764 --- [main] o.s.b.a.e.mvc.EndpointHandlerMapping     : Mapped "{[/resume || /resume.json],methods=[POST]}" onto public java.lang.Object org.springframework.cloud.endpoint.GenericPostableMvcEndpoint.invoke()
2016-06-29 15:14:11.217  INFO 9764 --- [main] o.s.b.a.e.mvc.EndpointHandlerMapping     : Mapped "{[/autoconfig || /autoconfig.json],methods=[GET],produces=[application/json]}" onto public java.lang.Object org.springframework.boot.actuate.endpoint.mvc.EndpointMvcAdapter.invoke()
2016-06-29 15:14:11.219  INFO 9764 --- [main] o.s.b.a.e.mvc.EndpointHandlerMapping     : Mapped "{[/env],methods=[POST]}" onto public java.lang.Object org.springframework.cloud.context.environment.EnvironmentManagerMvcEndpoint.value(java.util.Map<java.lang.String, java.lang.String>)
2016-06-29 15:14:11.225  INFO 9764 --- [main] o.s.b.a.e.mvc.EndpointHandlerMapping     : Mapped "{[/env/reset],methods=[POST]}" onto public java.util.Map<java.lang.String, java.lang.Object> org.springframework.cloud.context.environment.EnvironmentManagerMvcEndpoint.reset()
2016-06-29 15:14:11.233  INFO 9764 --- [main] o.s.b.a.e.mvc.EndpointHandlerMapping     : Mapped "{[/configprops || /configprops.json],methods=[GET],produces=[application/json]}" onto public java.lang.Object org.springframework.boot.actuate.endpoint.mvc.EndpointMvcAdapter.invoke()
2016-06-29 15:14:11.238  INFO 9764 --- [main] o.s.b.a.e.mvc.EndpointHandlerMapping     : Mapped "{[/dump || /dump.json],methods=[GET],produces=[application/json]}" onto public java.lang.Object org.springframework.boot.actuate.endpoint.mvc.EndpointMvcAdapter.invoke()
2016-06-29 15:14:11.244  INFO 9764 --- [main] o.s.b.a.e.mvc.EndpointHandlerMapping     : Mapped "{[/info || /info.json],methods=[GET],produces=[application/json]}" onto public java.lang.Object org.springframework.boot.actuate.endpoint.mvc.EndpointMvcAdapter.invoke()
2016-06-29 15:14:11.251  INFO 9764 --- [main] o.s.b.a.e.mvc.EndpointHandlerMapping     : Mapped "{[/metrics/{name:.*}],methods=[GET],produces=[application/json]}" onto public java.lang.Object org.springframework.boot.actuate.endpoint.mvc.MetricsMvcEndpoint.value(java.lang.String)
2016-06-29 15:14:11.255  INFO 9764 --- [main] o.s.b.a.e.mvc.EndpointHandlerMapping     : Mapped "{[/metrics || /metrics.json],methods=[GET],produces=[application/json]}" onto public java.lang.Object org.springframework.boot.actuate.endpoint.mvc.EndpointMvcAdapter.invoke()
2016-06-29 15:14:11.260  INFO 9764 --- [main] o.s.b.a.e.mvc.EndpointHandlerMapping     : Mapped "{[/logfile || /logfile.json],methods=[GET || HEAD]}" onto public void org.springframework.boot.actuate.endpoint.mvc.LogFileMvcEndpoint.invoke(javax.servlet.http.HttpServletRequest,javax.servlet.http.HttpServletResponse) throws javax.servlet.ServletException,java.io.IOException
2016-06-29 15:14:11.268  INFO 9764 --- [main] o.s.b.a.e.mvc.EndpointHandlerMapping     : Mapped "{[/trace || /trace.json],methods=[GET],produces=[application/json]}" onto public java.lang.Object org.springframework.boot.actuate.endpoint.mvc.EndpointMvcAdapter.invoke()
2016-06-29 15:14:11.475  INFO 9764 --- [main] o.s.ui.freemarker.SpringTemplateLoader   : SpringTemplateLoader for FreeMarker: using resource loader [org.springframework.boot.context.embedded.AnnotationConfigEmbeddedWebApplicationContext@65df9092: startup date [Wed Jun 29 15:14:02 IST 2016]; parent: org.springframework.context.annotation.AnnotationConfigApplicationContext@ed1926e] and template loader path [classpath:/templates/]
2016-06-29 15:14:11.480  INFO 9764 --- [main] o.s.w.s.v.f.FreeMarkerConfigurer         : ClassTemplateLoader for Spring macros added to FreeMarker configuration
2016-06-29 15:14:11.622  WARN 9764 --- [main] c.n.c.sources.URLConfigurationSource     : No URLs will be polled as dynamic configuration sources.
2016-06-29 15:14:11.623  INFO 9764 --- [main] c.n.c.sources.URLConfigurationSource     : To enable URLs as dynamic configuration sources, define System property archaius.configurationSource.additionalUrls or make config.properties available on classpath.
2016-06-29 15:14:11.640  WARN 9764 --- [main] c.n.c.sources.URLConfigurationSource     : No URLs will be polled as dynamic configuration sources.
2016-06-29 15:14:11.643  INFO 9764 --- [main] c.n.c.sources.URLConfigurationSource     : To enable URLs as dynamic configuration sources, define System property archaius.configurationSource.additionalUrls or make config.properties available on classpath.
2016-06-29 15:14:11.768  INFO 9764 --- [main] o.s.j.e.a.AnnotationMBeanExporter        : Registering beans for JMX exposure on startup
2016-06-29 15:14:11.793  INFO 9764 --- [main] o.s.j.e.a.AnnotationMBeanExporter        : Bean with name 'refreshScope' has been autodetected for JMX exposure
2016-06-29 15:14:11.798  INFO 9764 --- [main] o.s.j.e.a.AnnotationMBeanExporter        : Bean with name 'environmentManager' has been autodetected for JMX exposure
2016-06-29 15:14:11.805  INFO 9764 --- [main] o.s.j.e.a.AnnotationMBeanExporter        : Bean with name 'configurationPropertiesRebinder' has been autodetected for JMX exposure
2016-06-29 15:14:11.810  INFO 9764 --- [main] o.s.j.e.a.AnnotationMBeanExporter        : Bean with name 'refreshEndpoint' has been autodetected for JMX exposure
2016-06-29 15:14:11.817  INFO 9764 --- [main] o.s.j.e.a.AnnotationMBeanExporter        : Bean with name 'restartEndpoint' has been autodetected for JMX exposure
2016-06-29 15:14:11.830  INFO 9764 --- [main] o.s.j.e.a.AnnotationMBeanExporter        : Located managed bean 'environmentManager': registering with JMX server as MBean [org.springframework.cloud.context.environment:name=environmentManager,type=EnvironmentManager]
2016-06-29 15:14:11.852  INFO 9764 --- [main] o.s.j.e.a.AnnotationMBeanExporter        : Located managed bean 'restartEndpoint': registering with JMX server as MBean [org.springframework.cloud.context.restart:name=restartEndpoint,type=RestartEndpoint]
2016-06-29 15:14:11.879  INFO 9764 --- [main] o.s.j.e.a.AnnotationMBeanExporter        : Located managed bean 'refreshScope': registering with JMX server as MBean [org.springframework.cloud.context.scope.refresh:name=refreshScope,type=RefreshScope]
2016-06-29 15:14:11.898  INFO 9764 --- [main] o.s.j.e.a.AnnotationMBeanExporter        : Located managed bean 'configurationPropertiesRebinder': registering with JMX server as MBean [org.springframework.cloud.context.properties:name=configurationPropertiesRebinder,context=65df9092,type=ConfigurationPropertiesRebinder]
2016-06-29 15:14:11.912  INFO 9764 --- [main] o.s.j.e.a.AnnotationMBeanExporter        : Located managed bean 'refreshEndpoint': registering with JMX server as MBean [org.springframework.cloud.endpoint:name=refreshEndpoint,type=RefreshEndpoint]
2016-06-29 15:14:12.214  INFO 9764 --- [main] o.s.c.support.DefaultLifecycleProcessor  : Starting beans in phase 0
2016-06-29 15:14:12.221  INFO 9764 --- [Thread-10] o.s.c.n.e.server.EurekaServerBootstrap   : Setting the eureka configuration..
2016-06-29 15:14:12.221  INFO 9764 --- [main] c.n.e.EurekaDiscoveryClientConfiguration : Registering application eureka-server with eureka with status UP
2016-06-29 15:14:12.221  INFO 9764 --- [Thread-10] o.s.c.n.e.server.EurekaServerBootstrap   : Eureka data center value eureka.datacenter is not set, defaulting to default
2016-06-29 15:14:12.234  INFO 9764 --- [Thread-10] o.s.c.n.e.server.EurekaServerBootstrap   : Eureka environment value eureka.environment is not set, defaulting to test
2016-06-29 15:14:12.302  INFO 9764 --- [Thread-10] o.s.c.n.e.server.EurekaServerBootstrap   : isAws returned false
2016-06-29 15:14:12.314  INFO 9764 --- [Thread-10] o.s.c.n.e.server.EurekaServerBootstrap   : Initialized server context
2016-06-29 15:14:12.317  INFO 9764 --- [Thread-10] c.n.e.r.PeerAwareInstanceRegistryImpl    : Got 1 instances from neighboring DS node
2016-06-29 15:14:12.326  INFO 9764 --- [Thread-10] c.n.e.r.PeerAwareInstanceRegistryImpl    : Renew threshold is: 1
2016-06-29 15:14:12.331  INFO 9764 --- [Thread-10] c.n.e.r.PeerAwareInstanceRegistryImpl    : Changing status to UP
2016-06-29 15:14:12.355  INFO 9764 --- [Thread-10] e.s.EurekaServerInitializerConfiguration : Started Eureka Server
2016-06-29 15:14:12.454  INFO 9764 --- [main] s.b.c.e.t.TomcatEmbeddedServletContainer : Tomcat started on port(s): 8761 (http)
2016-06-29 15:14:12.458  INFO 9764 --- [main] c.n.e.EurekaDiscoveryClientConfiguration : Updating port to 8761
2016-06-29 15:14:12.466  INFO 9764 --- [main] com.jci.registry.Application             : Started Application in 15.069 seconds (JVM running for 15.94)
2016-06-29 15:16:27.786  INFO 9764 --- [http-nio-8761-exec-1] o.a.c.c.C.[Tomcat].[localhost].[/]       : Initializing Spring FrameworkServlet 'dispatcherServlet'
2016-06-29 15:16:27.787  INFO 9764 --- [http-nio-8761-exec-1] o.s.web.servlet.DispatcherServlet        : FrameworkServlet 'dispatcherServlet': initialization started
2016-06-29 15:16:27.827  INFO 9764 --- [http-nio-8761-exec-1] o.s.web.servlet.DispatcherServlet        : FrameworkServlet 'dispatcherServlet': initialization completed in 40 ms
2016-06-29 15:16:28.117  WARN 9764 --- [http-nio-8761-exec-2] c.n.e.registry.AbstractInstanceRegistry  : DS: Registry: cancel failed because Lease is not registered for: WEB-PORTAL/M2241383.asia.jci.com:web-portal:-1
2016-06-29 15:16:28.118  INFO 9764 --- [http-nio-8761-exec-2] c.n.eureka.resources.InstanceResource    : Not Found (Cancel): WEB-PORTAL - M2241383.asia.jci.com:web-portal:-1
2016-06-29 15:17:52.865  WARN 9764 --- [http-nio-8761-exec-5] c.n.e.registry.AbstractInstanceRegistry  : DS: Registry: cancel failed because Lease is not registered for: WEB-PORTAL/M2241383.asia.jci.com:web-portal:-1
2016-06-29 15:17:52.865  INFO 9764 --- [http-nio-8761-exec-5] c.n.eureka.resources.InstanceResource    : Not Found (Cancel): WEB-PORTAL - M2241383.asia.jci.com:web-portal:-1
2016-06-29 15:18:15.982  INFO 9764 --- [http-nio-8761-exec-8] c.n.e.registry.AbstractInstanceRegistry  : Registered instance WEB-PORTAL/M2241383.asia.jci.com:web-portal with status UP (replication=false)
2016-06-29 15:22:50.994  INFO 9764 --- [http-nio-8761-exec-10] c.n.e.registry.AbstractInstanceRegistry  : Cancelled instance WEB-PORTAL/M2241383.asia.jci.com:web-portal (replication=false)
2016-06-29 15:23:13.814  WARN 9764 --- [http-nio-8761-exec-4] c.n.e.registry.AbstractInstanceRegistry  : DS: Registry: cancel failed because Lease is not registered for: WEB-PORTAL/M2241383.asia.jci.com:web-portal:-1
2016-06-29 15:23:13.814  INFO 9764 --- [http-nio-8761-exec-4] c.n.eureka.resources.InstanceResource    : Not Found (Cancel): WEB-PORTAL - M2241383.asia.jci.com:web-portal:-1
2016-06-29 15:24:09.627  WARN 9764 --- [Eureka-PeerNodesUpdater] c.n.eureka.cluster.PeerEurekaNodes       : The replica size seems to be empty. Check the route 53 DNS Registry
2016-06-29 15:26:15.961  INFO 9764 --- [Thread-13] ationConfigEmbeddedWebApplicationContext : Closing org.springframework.boot.context.embedded.AnnotationConfigEmbeddedWebApplicationContext@65df9092: startup date [Wed Jun 29 15:14:02 IST 2016]; parent: org.springframework.context.annotation.AnnotationConfigApplicationContext@ed1926e
2016-06-29 15:26:15.961  INFO 9764 --- [Thread-13] c.n.e.EurekaDiscoveryClientConfiguration : Unregistering application eureka-server with eureka with status DOWN
2016-06-29 15:26:15.961  INFO 9764 --- [Thread-13] o.s.c.support.DefaultLifecycleProcessor  : Stopping beans in phase 0
2016-06-29 15:26:15.976  INFO 9764 --- [Thread-13] o.s.j.e.a.AnnotationMBeanExporter        : Unregistering JMX-exposed beans on shutdown
2016-06-29 15:26:15.976  INFO 9764 --- [Thread-13] o.s.j.e.a.AnnotationMBeanExporter        : Unregistering JMX-exposed beans
2016-06-29 15:26:15.976  INFO 9764 --- [Thread-13] c.n.eureka.DefaultEurekaServerContext    : Shutting down ...
2016-06-29 15:26:15.976  INFO 9764 --- [Thread-13] c.n.eureka.DefaultEurekaServerContext    : Shut down
2016-06-29 16:09:40.813  INFO 8832 --- [main] com.jci.registry.ApplicationTests        : The following profiles are active: default
2016-06-29 16:09:40.828  INFO 8832 --- [main] o.s.w.c.s.GenericWebApplicationContext   : Refreshing org.springframework.web.context.support.GenericWebApplicationContext@5a85c92: startup date [Wed Jun 29 16:09:40 IST 2016]; parent: org.springframework.context.annotation.AnnotationConfigApplicationContext@73e9cf30
2016-06-29 16:09:41.889  WARN 8832 --- [main] o.s.c.a.ConfigurationClassPostProcessor  : Cannot enhance @Configuration bean definition 'refreshScope' since its singleton instance has been created too early. The typical cause is a non-static @Bean method with a BeanDefinitionRegistryPostProcessor return type: Consider declaring such methods as 'static'.
2016-06-29 16:09:42.108  INFO 8832 --- [main] o.s.cloud.context.scope.GenericScope     : BeanFactory id=a7ad3408-e8b7-39d2-a255-6b2b4cf69dea
2016-06-29 16:09:42.123  INFO 8832 --- [main] f.a.AutowiredAnnotationBeanPostProcessor : JSR-330 'javax.inject.Inject' annotation found and supported for autowiring
2016-06-29 16:09:42.170  INFO 8832 --- [main] trationDelegate$BeanPostProcessorChecker : Bean 'org.springframework.cloud.autoconfigure.ConfigurationPropertiesRebinderAutoConfiguration' of type [class org.springframework.cloud.autoconfigure.ConfigurationPropertiesRebinderAutoConfiguration$$EnhancerBySpringCGLIB$$715b85b7] is not eligible for getting processed by all BeanPostProcessors (for example: not eligible for auto-proxying)
2016-06-29 16:09:42.170  INFO 8832 --- [main] trationDelegate$BeanPostProcessorChecker : Bean 'org.springframework.cloud.autoconfigure.RefreshEndpointAutoConfiguration' of type [class org.springframework.cloud.autoconfigure.RefreshEndpointAutoConfiguration$$EnhancerBySpringCGLIB$$1aba87ad] is not eligible for getting processed by all BeanPostProcessors (for example: not eligible for auto-proxying)
2016-06-29 16:09:42.997  INFO 8832 --- [main] o.s.c.n.eureka.InstanceInfoFactory       : Setting initial instance status as: STARTING
2016-06-29 16:09:43.090  INFO 8832 --- [main] com.netflix.discovery.DiscoveryClient    : Client configured to neither register nor query for data.
2016-06-29 16:09:43.231  INFO 8832 --- [main] c.n.eureka.DefaultEurekaServerContext    : Initializing ...
2016-06-29 16:09:43.231  INFO 8832 --- [main] c.n.eureka.cluster.PeerEurekaNodes       : Adding new peer nodes [http://sc-eureka-server.azurewebsites.net/eureka/]
2016-06-29 16:09:43.590  INFO 8832 --- [main] c.n.d.provider.DiscoveryJerseyProvider   : Using JSON encoding codec LegacyJacksonJson
2016-06-29 16:09:43.590  INFO 8832 --- [main] c.n.d.provider.DiscoveryJerseyProvider   : Using JSON decoding codec LegacyJacksonJson
2016-06-29 16:09:43.590  INFO 8832 --- [main] c.n.d.provider.DiscoveryJerseyProvider   : Using XML encoding codec XStreamXml
2016-06-29 16:09:43.590  INFO 8832 --- [main] c.n.d.provider.DiscoveryJerseyProvider   : Using XML decoding codec XStreamXml
2016-06-29 16:09:43.886  INFO 8832 --- [main] c.n.eureka.cluster.PeerEurekaNodes       : Replica node URL:  http://sc-eureka-server.azurewebsites.net/eureka/
2016-06-29 16:09:43.902  INFO 8832 --- [main] c.n.e.registry.AbstractInstanceRegistry  : Finished initializing remote region registries. All known remote regions: []
2016-06-29 16:09:43.902  INFO 8832 --- [main] c.n.eureka.DefaultEurekaServerContext    : Initialized
2016-06-29 16:09:44.884  INFO 8832 --- [main] s.w.s.m.m.a.RequestMappingHandlerAdapter : Looking for @ControllerAdvice: org.springframework.web.context.support.GenericWebApplicationContext@5a85c92: startup date [Wed Jun 29 16:09:40 IST 2016]; parent: org.springframework.context.annotation.AnnotationConfigApplicationContext@73e9cf30
2016-06-29 16:09:45.025  INFO 8832 --- [main] s.w.s.m.m.a.RequestMappingHandlerMapping : Mapped "{[/],methods=[GET]}" onto public java.lang.String org.springframework.cloud.netflix.eureka.server.EurekaController.status(javax.servlet.http.HttpServletRequest,java.util.Map<java.lang.String, java.lang.Object>)
2016-06-29 16:09:45.025  INFO 8832 --- [main] s.w.s.m.m.a.RequestMappingHandlerMapping : Mapped "{[/lastn],methods=[GET]}" onto public java.lang.String org.springframework.cloud.netflix.eureka.server.EurekaController.lastn(javax.servlet.http.HttpServletRequest,java.util.Map<java.lang.String, java.lang.Object>)
2016-06-29 16:09:45.040  INFO 8832 --- [main] s.w.s.m.m.a.RequestMappingHandlerMapping : Mapped "{[/error]}" onto public org.springframework.http.ResponseEntity<java.util.Map<java.lang.String, java.lang.Object>> org.springframework.boot.autoconfigure.web.BasicErrorController.error(javax.servlet.http.HttpServletRequest)
2016-06-29 16:09:45.040  INFO 8832 --- [main] s.w.s.m.m.a.RequestMappingHandlerMapping : Mapped "{[/error],produces=[text/html]}" onto public org.springframework.web.servlet.ModelAndView org.springframework.boot.autoconfigure.web.BasicErrorController.errorHtml(javax.servlet.http.HttpServletRequest,javax.servlet.http.HttpServletResponse)
2016-06-29 16:09:45.087  INFO 8832 --- [main] o.s.w.s.handler.SimpleUrlHandlerMapping  : Mapped URL path [/webjars/**] onto handler of type [class org.springframework.web.servlet.resource.ResourceHttpRequestHandler]
2016-06-29 16:09:45.087  INFO 8832 --- [main] o.s.w.s.handler.SimpleUrlHandlerMapping  : Mapped URL path [/**] onto handler of type [class org.springframework.web.servlet.resource.ResourceHttpRequestHandler]
2016-06-29 16:09:45.165  INFO 8832 --- [main] o.s.w.s.handler.SimpleUrlHandlerMapping  : Mapped URL path [/**/favicon.ico] onto handler of type [class org.springframework.web.servlet.resource.ResourceHttpRequestHandler]
2016-06-29 16:09:45.774  INFO 8832 --- [main] o.s.b.a.e.mvc.EndpointHandlerMapping     : Mapped "{[/logfile || /logfile.json],methods=[GET || HEAD]}" onto public void org.springframework.boot.actuate.endpoint.mvc.LogFileMvcEndpoint.invoke(javax.servlet.http.HttpServletRequest,javax.servlet.http.HttpServletResponse) throws javax.servlet.ServletException,java.io.IOException
2016-06-29 16:09:45.774  INFO 8832 --- [main] o.s.b.a.e.mvc.EndpointHandlerMapping     : Mapped "{[/resume || /resume.json],methods=[POST]}" onto public java.lang.Object org.springframework.cloud.endpoint.GenericPostableMvcEndpoint.invoke()
2016-06-29 16:09:45.774  INFO 8832 --- [main] o.s.b.a.e.mvc.EndpointHandlerMapping     : Mapped "{[/dump || /dump.json],methods=[GET],produces=[application/json]}" onto public java.lang.Object org.springframework.boot.actuate.endpoint.mvc.EndpointMvcAdapter.invoke()
2016-06-29 16:09:45.774  INFO 8832 --- [main] o.s.b.a.e.mvc.EndpointHandlerMapping     : Mapped "{[/autoconfig || /autoconfig.json],methods=[GET],produces=[application/json]}" onto public java.lang.Object org.springframework.boot.actuate.endpoint.mvc.EndpointMvcAdapter.invoke()
2016-06-29 16:09:45.789  INFO 8832 --- [main] o.s.b.a.e.mvc.EndpointHandlerMapping     : Mapped "{[/trace || /trace.json],methods=[GET],produces=[application/json]}" onto public java.lang.Object org.springframework.boot.actuate.endpoint.mvc.EndpointMvcAdapter.invoke()
2016-06-29 16:09:45.789  INFO 8832 --- [main] o.s.b.a.e.mvc.EndpointHandlerMapping     : Mapped "{[/configprops || /configprops.json],methods=[GET],produces=[application/json]}" onto public java.lang.Object org.springframework.boot.actuate.endpoint.mvc.EndpointMvcAdapter.invoke()
2016-06-29 16:09:45.789  INFO 8832 --- [main] o.s.b.a.e.mvc.EndpointHandlerMapping     : Mapped "{[/env],methods=[POST]}" onto public java.lang.Object org.springframework.cloud.context.environment.EnvironmentManagerMvcEndpoint.value(java.util.Map<java.lang.String, java.lang.String>)
2016-06-29 16:09:45.789  INFO 8832 --- [main] o.s.b.a.e.mvc.EndpointHandlerMapping     : Mapped "{[/env/reset],methods=[POST]}" onto public java.util.Map<java.lang.String, java.lang.Object> org.springframework.cloud.context.environment.EnvironmentManagerMvcEndpoint.reset()
2016-06-29 16:09:45.789  INFO 8832 --- [main] o.s.b.a.e.mvc.EndpointHandlerMapping     : Mapped "{[/refresh || /refresh.json],methods=[POST]}" onto public java.lang.Object org.springframework.cloud.endpoint.GenericPostableMvcEndpoint.invoke()
2016-06-29 16:09:45.789  INFO 8832 --- [main] o.s.b.a.e.mvc.EndpointHandlerMapping     : Mapped "{[/archaius || /archaius.json],methods=[GET],produces=[application/json]}" onto public java.lang.Object org.springframework.boot.actuate.endpoint.mvc.EndpointMvcAdapter.invoke()
2016-06-29 16:09:45.789  INFO 8832 --- [main] o.s.b.a.e.mvc.EndpointHandlerMapping     : Mapped "{[/env/{name:.*}],methods=[GET],produces=[application/json]}" onto public java.lang.Object org.springframework.boot.actuate.endpoint.mvc.EnvironmentMvcEndpoint.value(java.lang.String)
2016-06-29 16:09:45.789  INFO 8832 --- [main] o.s.b.a.e.mvc.EndpointHandlerMapping     : Mapped "{[/env || /env.json],methods=[GET],produces=[application/json]}" onto public java.lang.Object org.springframework.boot.actuate.endpoint.mvc.EndpointMvcAdapter.invoke()
2016-06-29 16:09:45.789  INFO 8832 --- [main] o.s.b.a.e.mvc.EndpointHandlerMapping     : Mapped "{[/health || /health.json],produces=[application/json]}" onto public java.lang.Object org.springframework.boot.actuate.endpoint.mvc.HealthMvcEndpoint.invoke(java.security.Principal)
2016-06-29 16:09:45.789  INFO 8832 --- [main] o.s.b.a.e.mvc.EndpointHandlerMapping     : Mapped "{[/beans || /beans.json],methods=[GET],produces=[application/json]}" onto public java.lang.Object org.springframework.boot.actuate.endpoint.mvc.EndpointMvcAdapter.invoke()
2016-06-29 16:09:45.789  INFO 8832 --- [main] o.s.b.a.e.mvc.EndpointHandlerMapping     : Mapped "{[/pause || /pause.json],methods=[POST]}" onto public java.lang.Object org.springframework.cloud.endpoint.GenericPostableMvcEndpoint.invoke()
2016-06-29 16:09:45.805  INFO 8832 --- [main] o.s.b.a.e.mvc.EndpointHandlerMapping     : Mapped "{[/info || /info.json],methods=[GET],produces=[application/json]}" onto public java.lang.Object org.springframework.boot.actuate.endpoint.mvc.EndpointMvcAdapter.invoke()
2016-06-29 16:09:45.805  INFO 8832 --- [main] o.s.b.a.e.mvc.EndpointHandlerMapping     : Mapped "{[/metrics/{name:.*}],methods=[GET],produces=[application/json]}" onto public java.lang.Object org.springframework.boot.actuate.endpoint.mvc.MetricsMvcEndpoint.value(java.lang.String)
2016-06-29 16:09:45.805  INFO 8832 --- [main] o.s.b.a.e.mvc.EndpointHandlerMapping     : Mapped "{[/metrics || /metrics.json],methods=[GET],produces=[application/json]}" onto public java.lang.Object org.springframework.boot.actuate.endpoint.mvc.EndpointMvcAdapter.invoke()
2016-06-29 16:09:45.805  INFO 8832 --- [main] o.s.b.a.e.mvc.EndpointHandlerMapping     : Mapped "{[/features || /features.json],methods=[GET],produces=[application/json]}" onto public java.lang.Object org.springframework.boot.actuate.endpoint.mvc.EndpointMvcAdapter.invoke()
2016-06-29 16:09:45.805  INFO 8832 --- [main] o.s.b.a.e.mvc.EndpointHandlerMapping     : Mapped "{[/mappings || /mappings.json],methods=[GET],produces=[application/json]}" onto public java.lang.Object org.springframework.boot.actuate.endpoint.mvc.EndpointMvcAdapter.invoke()
2016-06-29 16:09:45.805  INFO 8832 --- [main] o.s.b.a.e.mvc.EndpointHandlerMapping     : Mapped "{[/restart || /restart.json],methods=[POST]}" onto public java.lang.Object org.springframework.cloud.context.restart.RestartMvcEndpoint.invoke()
2016-06-29 16:09:46.054  INFO 8832 --- [main] o.s.ui.freemarker.SpringTemplateLoader   : SpringTemplateLoader for FreeMarker: using resource loader [org.springframework.web.context.support.GenericWebApplicationContext@5a85c92: startup date [Wed Jun 29 16:09:40 IST 2016]; parent: org.springframework.context.annotation.AnnotationConfigApplicationContext@73e9cf30] and template loader path [classpath:/templates/]
2016-06-29 16:09:46.054  INFO 8832 --- [main] o.s.w.s.v.f.FreeMarkerConfigurer         : ClassTemplateLoader for Spring macros added to FreeMarker configuration
2016-06-29 16:09:46.164  WARN 8832 --- [main] c.n.c.sources.URLConfigurationSource     : No URLs will be polled as dynamic configuration sources.
2016-06-29 16:09:46.164  INFO 8832 --- [main] c.n.c.sources.URLConfigurationSource     : To enable URLs as dynamic configuration sources, define System property archaius.configurationSource.additionalUrls or make config.properties available on classpath.
2016-06-29 16:09:46.179  WARN 8832 --- [main] c.n.c.sources.URLConfigurationSource     : No URLs will be polled as dynamic configuration sources.
2016-06-29 16:09:46.179  INFO 8832 --- [main] c.n.c.sources.URLConfigurationSource     : To enable URLs as dynamic configuration sources, define System property archaius.configurationSource.additionalUrls or make config.properties available on classpath.
2016-06-29 16:09:46.522  INFO 8832 --- [main] o.s.c.support.DefaultLifecycleProcessor  : Starting beans in phase 0
2016-06-29 16:09:46.522  INFO 8832 --- [Thread-9] o.s.c.n.e.server.EurekaServerBootstrap   : Setting the eureka configuration..
2016-06-29 16:09:46.522  INFO 8832 --- [main] c.n.e.EurekaDiscoveryClientConfiguration : Registering application eureka-server with eureka with status UP
2016-06-29 16:09:46.522  INFO 8832 --- [Thread-9] o.s.c.n.e.server.EurekaServerBootstrap   : Eureka data center value eureka.datacenter is not set, defaulting to default
2016-06-29 16:09:46.538  INFO 8832 --- [Thread-9] o.s.c.n.e.server.EurekaServerBootstrap   : Eureka environment value eureka.environment is not set, defaulting to test
2016-06-29 16:09:46.585  INFO 8832 --- [Thread-9] o.s.c.n.e.server.EurekaServerBootstrap   : isAws returned false
2016-06-29 16:09:46.585  INFO 8832 --- [Thread-9] o.s.c.n.e.server.EurekaServerBootstrap   : Initialized server context
2016-06-29 16:09:46.585  INFO 8832 --- [Thread-9] c.n.e.r.PeerAwareInstanceRegistryImpl    : Got 1 instances from neighboring DS node
2016-06-29 16:09:46.585  INFO 8832 --- [Thread-9] c.n.e.r.PeerAwareInstanceRegistryImpl    : Renew threshold is: 1
2016-06-29 16:09:46.585  INFO 8832 --- [Thread-9] c.n.e.r.PeerAwareInstanceRegistryImpl    : Changing status to UP
2016-06-29 16:09:46.600  INFO 8832 --- [main] com.jci.registry.ApplicationTests        : Started ApplicationTests in 11.357 seconds (JVM running for 12.187)
2016-06-29 16:09:46.632  INFO 8832 --- [Thread-9] e.s.EurekaServerInitializerConfiguration : Started Eureka Server
2016-06-29 16:09:46.647  INFO 8832 --- [Thread-10] o.s.w.c.s.GenericWebApplicationContext   : Closing org.springframework.web.context.support.GenericWebApplicationContext@5a85c92: startup date [Wed Jun 29 16:09:40 IST 2016]; parent: org.springframework.context.annotation.AnnotationConfigApplicationContext@73e9cf30
2016-06-29 16:09:46.647  INFO 8832 --- [Thread-10] c.n.e.EurekaDiscoveryClientConfiguration : Unregistering application eureka-server with eureka with status DOWN
2016-06-29 16:09:46.663  INFO 8832 --- [Thread-10] o.s.c.support.DefaultLifecycleProcessor  : Stopping beans in phase 0
2016-06-29 16:09:46.678  INFO 8832 --- [Thread-10] c.n.eureka.DefaultEurekaServerContext    : Shutting down ...
2016-06-29 16:09:46.694  INFO 8832 --- [Thread-10] c.n.eureka.DefaultEurekaServerContext    : Shut down
