2016-06-29 15:17:46.598  INFO 1692 --- [main] com.jci.portal.ApplicationTests          : The following profiles are active: development
2016-06-29 15:17:46.623  INFO 1692 --- [main] o.s.w.c.s.GenericWebApplicationContext   : Refreshing org.springframework.web.context.support.GenericWebApplicationContext@38f116f6: startup date [Wed Jun 29 15:17:46 IST 2016]; parent: org.springframework.context.annotation.AnnotationConfigApplicationContext@428640fa
2016-06-29 15:17:47.946  WARN 1692 --- [main] o.s.c.a.ConfigurationClassPostProcessor  : Cannot enhance @Configuration bean definition 'refreshScope' since its singleton instance has been created too early. The typical cause is a non-static @Bean method with a BeanDefinitionRegistryPostProcessor return type: Consider declaring such methods as 'static'.
2016-06-29 15:17:48.151  INFO 1692 --- [main] o.s.cloud.context.scope.GenericScope     : BeanFactory id=567f4d3c-977c-34e6-b74d-7cda2c749dbe
2016-06-29 15:17:48.166  INFO 1692 --- [main] f.a.AutowiredAnnotationBeanPostProcessor : JSR-330 'javax.inject.Inject' annotation found and supported for autowiring
2016-06-29 15:17:48.206  INFO 1692 --- [main] trationDelegate$BeanPostProcessorChecker : Bean 'org.springframework.cloud.autoconfigure.ConfigurationPropertiesRebinderAutoConfiguration' of type [class org.springframework.cloud.autoconfigure.ConfigurationPropertiesRebinderAutoConfiguration$$EnhancerBySpringCGLIB$$544fe5d0] is not eligible for getting processed by all BeanPostProcessors (for example: not eligible for auto-proxying)
2016-06-29 15:17:48.218  INFO 1692 --- [main] trationDelegate$BeanPostProcessorChecker : Bean 'org.springframework.cloud.autoconfigure.RefreshEndpointAutoConfiguration' of type [class org.springframework.cloud.autoconfigure.RefreshEndpointAutoConfiguration$$EnhancerBySpringCGLIB$$fdaee7c6] is not eligible for getting processed by all BeanPostProcessors (for example: not eligible for auto-proxying)
2016-06-29 15:17:49.516  INFO 1692 --- [main] s.w.s.m.m.a.RequestMappingHandlerAdapter : Looking for @ControllerAdvice: org.springframework.web.context.support.GenericWebApplicationContext@38f116f6: startup date [Wed Jun 29 15:17:46 IST 2016]; parent: org.springframework.context.annotation.AnnotationConfigApplicationContext@428640fa
2016-06-29 15:17:49.674  INFO 1692 --- [main] s.w.s.m.m.a.RequestMappingHandlerMapping : Mapped "{[/error]}" onto public org.springframework.http.ResponseEntity<java.util.Map<java.lang.String, java.lang.Object>> org.springframework.boot.autoconfigure.web.BasicErrorController.error(javax.servlet.http.HttpServletRequest)
2016-06-29 15:17:49.675  INFO 1692 --- [main] s.w.s.m.m.a.RequestMappingHandlerMapping : Mapped "{[/error],produces=[text/html]}" onto public org.springframework.web.servlet.ModelAndView org.springframework.boot.autoconfigure.web.BasicErrorController.errorHtml(javax.servlet.http.HttpServletRequest,javax.servlet.http.HttpServletResponse)
2016-06-29 15:17:49.687  INFO 1692 --- [main] o.s.w.s.c.a.WebMvcConfigurerAdapter      : Adding welcome page: ServletContext resource [/index.html]
2016-06-29 15:17:49.721  INFO 1692 --- [main] o.s.w.s.handler.SimpleUrlHandlerMapping  : Root mapping to handler of type [class org.springframework.web.servlet.mvc.ParameterizableViewController]
2016-06-29 15:17:49.746  INFO 1692 --- [main] o.s.w.s.handler.SimpleUrlHandlerMapping  : Mapped URL path [/webjars/**] onto handler of type [class org.springframework.web.servlet.resource.ResourceHttpRequestHandler]
2016-06-29 15:17:49.746  INFO 1692 --- [main] o.s.w.s.handler.SimpleUrlHandlerMapping  : Mapped URL path [/**] onto handler of type [class org.springframework.web.servlet.resource.ResourceHttpRequestHandler]
2016-06-29 15:17:49.819  INFO 1692 --- [main] o.s.w.s.handler.SimpleUrlHandlerMapping  : Mapped URL path [/**/favicon.ico] onto handler of type [class org.springframework.web.servlet.resource.ResourceHttpRequestHandler]
2016-06-29 15:17:50.415  INFO 1692 --- [main] o.s.b.a.e.mvc.EndpointHandlerMapping     : Mapped "{[/env],methods=[POST]}" onto public java.lang.Object org.springframework.cloud.context.environment.EnvironmentManagerMvcEndpoint.value(java.util.Map<java.lang.String, java.lang.String>)
2016-06-29 15:17:50.416  INFO 1692 --- [main] o.s.b.a.e.mvc.EndpointHandlerMapping     : Mapped "{[/env/reset],methods=[POST]}" onto public java.util.Map<java.lang.String, java.lang.Object> org.springframework.cloud.context.environment.EnvironmentManagerMvcEndpoint.reset()
2016-06-29 15:17:50.417  INFO 1692 --- [main] o.s.b.a.e.mvc.EndpointHandlerMapping     : Mapped "{[/beans || /beans.json],methods=[GET],produces=[application/json]}" onto public java.lang.Object org.springframework.boot.actuate.endpoint.mvc.EndpointMvcAdapter.invoke()
2016-06-29 15:17:50.419  INFO 1692 --- [main] o.s.b.a.e.mvc.EndpointHandlerMapping     : Mapped "{[/mappings || /mappings.json],methods=[GET],produces=[application/json]}" onto public java.lang.Object org.springframework.boot.actuate.endpoint.mvc.EndpointMvcAdapter.invoke()
2016-06-29 15:17:50.420  INFO 1692 --- [main] o.s.b.a.e.mvc.EndpointHandlerMapping     : Mapped "{[/configprops || /configprops.json],methods=[GET],produces=[application/json]}" onto public java.lang.Object org.springframework.boot.actuate.endpoint.mvc.EndpointMvcAdapter.invoke()
2016-06-29 15:17:50.430  INFO 1692 --- [main] o.s.b.a.e.mvc.EndpointHandlerMapping     : Mapped "{[/restart || /restart.json],methods=[POST]}" onto public java.lang.Object org.springframework.cloud.context.restart.RestartMvcEndpoint.invoke()
2016-06-29 15:17:50.446  INFO 1692 --- [main] o.s.b.a.e.mvc.EndpointHandlerMapping     : Mapped "{[/info || /info.json],methods=[GET],produces=[application/json]}" onto public java.lang.Object org.springframework.boot.actuate.endpoint.mvc.EndpointMvcAdapter.invoke()
2016-06-29 15:17:50.448  INFO 1692 --- [main] o.s.b.a.e.mvc.EndpointHandlerMapping     : Mapped "{[/logfile || /logfile.json],methods=[GET || HEAD]}" onto public void org.springframework.boot.actuate.endpoint.mvc.LogFileMvcEndpoint.invoke(javax.servlet.http.HttpServletRequest,javax.servlet.http.HttpServletResponse) throws javax.servlet.ServletException,java.io.IOException
2016-06-29 15:17:50.454  INFO 1692 --- [main] o.s.b.a.e.mvc.EndpointHandlerMapping     : Mapped "{[/features || /features.json],methods=[GET],produces=[application/json]}" onto public java.lang.Object org.springframework.boot.actuate.endpoint.mvc.EndpointMvcAdapter.invoke()
2016-06-29 15:17:50.461  INFO 1692 --- [main] o.s.b.a.e.mvc.EndpointHandlerMapping     : Mapped "{[/health || /health.json],produces=[application/json]}" onto public java.lang.Object org.springframework.boot.actuate.endpoint.mvc.HealthMvcEndpoint.invoke(java.security.Principal)
2016-06-29 15:17:50.464  INFO 1692 --- [main] o.s.b.a.e.mvc.EndpointHandlerMapping     : Mapped "{[/trace || /trace.json],methods=[GET],produces=[application/json]}" onto public java.lang.Object org.springframework.boot.actuate.endpoint.mvc.EndpointMvcAdapter.invoke()
2016-06-29 15:17:50.466  INFO 1692 --- [main] o.s.b.a.e.mvc.EndpointHandlerMapping     : Mapped "{[/autoconfig || /autoconfig.json],methods=[GET],produces=[application/json]}" onto public java.lang.Object org.springframework.boot.actuate.endpoint.mvc.EndpointMvcAdapter.invoke()
2016-06-29 15:17:50.471  INFO 1692 --- [main] o.s.b.a.e.mvc.EndpointHandlerMapping     : Mapped "{[/resume || /resume.json],methods=[POST]}" onto public java.lang.Object org.springframework.cloud.endpoint.GenericPostableMvcEndpoint.invoke()
2016-06-29 15:17:50.476  INFO 1692 --- [main] o.s.b.a.e.mvc.EndpointHandlerMapping     : Mapped "{[/refresh || /refresh.json],methods=[POST]}" onto public java.lang.Object org.springframework.cloud.endpoint.GenericPostableMvcEndpoint.invoke()
2016-06-29 15:17:50.481  INFO 1692 --- [main] o.s.b.a.e.mvc.EndpointHandlerMapping     : Mapped "{[/dump || /dump.json],methods=[GET],produces=[application/json]}" onto public java.lang.Object org.springframework.boot.actuate.endpoint.mvc.EndpointMvcAdapter.invoke()
2016-06-29 15:17:50.485  INFO 1692 --- [main] o.s.b.a.e.mvc.EndpointHandlerMapping     : Mapped "{[/archaius || /archaius.json],methods=[GET],produces=[application/json]}" onto public java.lang.Object org.springframework.boot.actuate.endpoint.mvc.EndpointMvcAdapter.invoke()
2016-06-29 15:17:50.495  INFO 1692 --- [main] o.s.b.a.e.mvc.EndpointHandlerMapping     : Mapped "{[/env/{name:.*}],methods=[GET],produces=[application/json]}" onto public java.lang.Object org.springframework.boot.actuate.endpoint.mvc.EnvironmentMvcEndpoint.value(java.lang.String)
2016-06-29 15:17:50.498  INFO 1692 --- [main] o.s.b.a.e.mvc.EndpointHandlerMapping     : Mapped "{[/env || /env.json],methods=[GET],produces=[application/json]}" onto public java.lang.Object org.springframework.boot.actuate.endpoint.mvc.EndpointMvcAdapter.invoke()
2016-06-29 15:17:50.504  INFO 1692 --- [main] o.s.b.a.e.mvc.EndpointHandlerMapping     : Mapped "{[/metrics/{name:.*}],methods=[GET],produces=[application/json]}" onto public java.lang.Object org.springframework.boot.actuate.endpoint.mvc.MetricsMvcEndpoint.value(java.lang.String)
2016-06-29 15:17:50.506  INFO 1692 --- [main] o.s.b.a.e.mvc.EndpointHandlerMapping     : Mapped "{[/metrics || /metrics.json],methods=[GET],produces=[application/json]}" onto public java.lang.Object org.springframework.boot.actuate.endpoint.mvc.EndpointMvcAdapter.invoke()
2016-06-29 15:17:50.510  INFO 1692 --- [main] o.s.b.a.e.mvc.EndpointHandlerMapping     : Mapped "{[/pause || /pause.json],methods=[POST]}" onto public java.lang.Object org.springframework.cloud.endpoint.GenericPostableMvcEndpoint.invoke()
2016-06-29 15:17:50.763  WARN 1692 --- [main] c.n.c.sources.URLConfigurationSource     : No URLs will be polled as dynamic configuration sources.
2016-06-29 15:17:50.764  INFO 1692 --- [main] c.n.c.sources.URLConfigurationSource     : To enable URLs as dynamic configuration sources, define System property archaius.configurationSource.additionalUrls or make config.properties available on classpath.
2016-06-29 15:17:50.781  WARN 1692 --- [main] c.n.c.sources.URLConfigurationSource     : No URLs will be polled as dynamic configuration sources.
2016-06-29 15:17:50.783  INFO 1692 --- [main] c.n.c.sources.URLConfigurationSource     : To enable URLs as dynamic configuration sources, define System property archaius.configurationSource.additionalUrls or make config.properties available on classpath.
2016-06-29 15:17:51.164  INFO 1692 --- [main] o.s.c.support.DefaultLifecycleProcessor  : Starting beans in phase 0
2016-06-29 15:17:51.197  INFO 1692 --- [main] com.jci.portal.ApplicationTests          : Started ApplicationTests in 9.189 seconds (JVM running for 10.023)
2016-06-29 15:17:51.228  INFO 1692 --- [Thread-4] o.s.w.c.s.GenericWebApplicationContext   : Closing org.springframework.web.context.support.GenericWebApplicationContext@38f116f6: startup date [Wed Jun 29 15:17:46 IST 2016]; parent: org.springframework.context.annotation.AnnotationConfigApplicationContext@428640fa
2016-06-29 15:17:51.245  INFO 1692 --- [Thread-4] o.s.c.n.eureka.InstanceInfoFactory       : Setting initial instance status as: STARTING
2016-06-29 15:17:51.324  INFO 1692 --- [Thread-4] c.n.e.EurekaDiscoveryClientConfiguration : Unregistering application web-portal with eureka with status DOWN
2016-06-29 15:17:51.964  INFO 1692 --- [Thread-4] c.n.d.provider.DiscoveryJerseyProvider   : Using JSON encoding codec LegacyJacksonJson
2016-06-29 15:17:51.967  INFO 1692 --- [Thread-4] c.n.d.provider.DiscoveryJerseyProvider   : Using JSON decoding codec LegacyJacksonJson
2016-06-29 15:17:52.124  INFO 1692 --- [Thread-4] c.n.d.provider.DiscoveryJerseyProvider   : Using XML encoding codec XStreamXml
2016-06-29 15:17:52.125  INFO 1692 --- [Thread-4] c.n.d.provider.DiscoveryJerseyProvider   : Using XML decoding codec XStreamXml
2016-06-29 15:17:52.420  INFO 1692 --- [Thread-4] c.n.d.s.r.aws.ConfigClusterResolver      : Resolving eureka endpoints via configuration
2016-06-29 15:17:52.593  INFO 1692 --- [Thread-4] com.netflix.discovery.DiscoveryClient    : Disable delta property : false
2016-06-29 15:17:52.594  INFO 1692 --- [Thread-4] com.netflix.discovery.DiscoveryClient    : Single vip registry refresh property : null
2016-06-29 15:17:52.594  INFO 1692 --- [Thread-4] com.netflix.discovery.DiscoveryClient    : Force full registry fetch : false
2016-06-29 15:17:52.594  INFO 1692 --- [Thread-4] com.netflix.discovery.DiscoveryClient    : Application is null : false
2016-06-29 15:17:52.594  INFO 1692 --- [Thread-4] com.netflix.discovery.DiscoveryClient    : Registered Applications size is zero : true
2016-06-29 15:17:52.594  INFO 1692 --- [Thread-4] com.netflix.discovery.DiscoveryClient    : Application version is -1: true
2016-06-29 15:17:52.594  INFO 1692 --- [Thread-4] com.netflix.discovery.DiscoveryClient    : Getting all instance registry info from the eureka server
2016-06-29 15:17:52.795  INFO 1692 --- [Thread-4] com.netflix.discovery.DiscoveryClient    : The response status is 200
2016-06-29 15:17:52.799  INFO 1692 --- [Thread-4] com.netflix.discovery.DiscoveryClient    : Starting heartbeat executor: renew interval is: 30
2016-06-29 15:17:52.810  INFO 1692 --- [Thread-4] c.n.discovery.InstanceInfoReplicator     : InstanceInfoReplicator onDemand update allowed rate per min is 4
2016-06-29 15:17:52.871  INFO 1692 --- [Thread-4] com.netflix.discovery.DiscoveryClient    : DiscoveryClient_WEB-PORTAL/M2241383.asia.jci.com:web-portal:-1 - deregister  status: 404
2016-06-29 15:17:52.879  INFO 1692 --- [Thread-4] o.s.c.support.DefaultLifecycleProcessor  : Stopping beans in phase 0
2016-06-29 15:18:07.008  INFO 9352 --- [main] com.jci.portal.Application               : The following profiles are active: development
2016-06-29 15:18:07.033  INFO 9352 --- [main] ationConfigEmbeddedWebApplicationContext : Refreshing org.springframework.boot.context.embedded.AnnotationConfigEmbeddedWebApplicationContext@9520fdf: startup date [Wed Jun 29 15:18:07 IST 2016]; parent: org.springframework.context.annotation.AnnotationConfigApplicationContext@508a3404
2016-06-29 15:18:08.630  WARN 9352 --- [main] o.s.c.a.ConfigurationClassPostProcessor  : Cannot enhance @Configuration bean definition 'refreshScope' since its singleton instance has been created too early. The typical cause is a non-static @Bean method with a BeanDefinitionRegistryPostProcessor return type: Consider declaring such methods as 'static'.
2016-06-29 15:18:08.844  INFO 9352 --- [main] o.s.cloud.context.scope.GenericScope     : BeanFactory id=9f1d6af5-e06a-3a49-86bb-b18cbf0ea9a1
2016-06-29 15:18:08.857  INFO 9352 --- [main] f.a.AutowiredAnnotationBeanPostProcessor : JSR-330 'javax.inject.Inject' annotation found and supported for autowiring
2016-06-29 15:18:08.972  INFO 9352 --- [main] trationDelegate$BeanPostProcessorChecker : Bean 'org.springframework.cloud.autoconfigure.ConfigurationPropertiesRebinderAutoConfiguration' of type [class org.springframework.cloud.autoconfigure.ConfigurationPropertiesRebinderAutoConfiguration$$EnhancerBySpringCGLIB$$5fb03de8] is not eligible for getting processed by all BeanPostProcessors (for example: not eligible for auto-proxying)
2016-06-29 15:18:08.993  INFO 9352 --- [main] trationDelegate$BeanPostProcessorChecker : Bean 'org.springframework.cloud.autoconfigure.RefreshEndpointAutoConfiguration' of type [class org.springframework.cloud.autoconfigure.RefreshEndpointAutoConfiguration$$EnhancerBySpringCGLIB$$90f3fde] is not eligible for getting processed by all BeanPostProcessors (for example: not eligible for auto-proxying)
2016-06-29 15:18:09.736  INFO 9352 --- [main] s.b.c.e.t.TomcatEmbeddedServletContainer : Tomcat initialized with port(s): 8080 (http)
2016-06-29 15:18:09.761  INFO 9352 --- [main] o.apache.catalina.core.StandardService   : Starting service Tomcat
2016-06-29 15:18:09.763  INFO 9352 --- [main] org.apache.catalina.core.StandardEngine  : Starting Servlet Engine: Apache Tomcat/8.0.33
2016-06-29 15:18:09.944  INFO 9352 --- [localhost-startStop-1] o.a.c.c.C.[Tomcat].[localhost].[/]       : Initializing Spring embedded WebApplicationContext
2016-06-29 15:18:09.945  INFO 9352 --- [localhost-startStop-1] o.s.web.context.ContextLoader            : Root WebApplicationContext: initialization completed in 2912 ms
2016-06-29 15:18:10.597  INFO 9352 --- [localhost-startStop-1] o.s.b.c.e.ServletRegistrationBean        : Mapping servlet: 'dispatcherServlet' to [/]
2016-06-29 15:18:10.610  INFO 9352 --- [localhost-startStop-1] o.s.b.c.embedded.FilterRegistrationBean  : Mapping filter: 'metricFilter' to: [/*]
2016-06-29 15:18:10.611  INFO 9352 --- [localhost-startStop-1] o.s.b.c.embedded.FilterRegistrationBean  : Mapping filter: 'characterEncodingFilter' to: [/*]
2016-06-29 15:18:10.612  INFO 9352 --- [localhost-startStop-1] o.s.b.c.embedded.FilterRegistrationBean  : Mapping filter: 'hiddenHttpMethodFilter' to: [/*]
2016-06-29 15:18:10.612  INFO 9352 --- [localhost-startStop-1] o.s.b.c.embedded.FilterRegistrationBean  : Mapping filter: 'httpPutFormContentFilter' to: [/*]
2016-06-29 15:18:10.613  INFO 9352 --- [localhost-startStop-1] o.s.b.c.embedded.FilterRegistrationBean  : Mapping filter: 'requestContextFilter' to: [/*]
2016-06-29 15:18:10.613  INFO 9352 --- [localhost-startStop-1] o.s.b.c.embedded.FilterRegistrationBean  : Mapping filter: 'webRequestLoggingFilter' to: [/*]
2016-06-29 15:18:10.614  INFO 9352 --- [localhost-startStop-1] o.s.b.c.embedded.FilterRegistrationBean  : Mapping filter: 'applicationContextIdFilter' to: [/*]
2016-06-29 15:18:11.610  INFO 9352 --- [main] s.w.s.m.m.a.RequestMappingHandlerAdapter : Looking for @ControllerAdvice: org.springframework.boot.context.embedded.AnnotationConfigEmbeddedWebApplicationContext@9520fdf: startup date [Wed Jun 29 15:18:07 IST 2016]; parent: org.springframework.context.annotation.AnnotationConfigApplicationContext@508a3404
2016-06-29 15:18:11.778  INFO 9352 --- [main] s.w.s.m.m.a.RequestMappingHandlerMapping : Mapped "{[/error]}" onto public org.springframework.http.ResponseEntity<java.util.Map<java.lang.String, java.lang.Object>> org.springframework.boot.autoconfigure.web.BasicErrorController.error(javax.servlet.http.HttpServletRequest)
2016-06-29 15:18:11.780  INFO 9352 --- [main] s.w.s.m.m.a.RequestMappingHandlerMapping : Mapped "{[/error],produces=[text/html]}" onto public org.springframework.web.servlet.ModelAndView org.springframework.boot.autoconfigure.web.BasicErrorController.errorHtml(javax.servlet.http.HttpServletRequest,javax.servlet.http.HttpServletResponse)
2016-06-29 15:18:11.790  INFO 9352 --- [main] o.s.w.s.c.a.WebMvcConfigurerAdapter      : Adding welcome page: class path resource [static/index.html]
2016-06-29 15:18:11.813  INFO 9352 --- [main] o.s.w.s.handler.SimpleUrlHandlerMapping  : Root mapping to handler of type [class org.springframework.web.servlet.mvc.ParameterizableViewController]
2016-06-29 15:18:11.833  INFO 9352 --- [main] o.s.w.s.handler.SimpleUrlHandlerMapping  : Mapped URL path [/webjars/**] onto handler of type [class org.springframework.web.servlet.resource.ResourceHttpRequestHandler]
2016-06-29 15:18:11.834  INFO 9352 --- [main] o.s.w.s.handler.SimpleUrlHandlerMapping  : Mapped URL path [/**] onto handler of type [class org.springframework.web.servlet.resource.ResourceHttpRequestHandler]
2016-06-29 15:18:11.917  INFO 9352 --- [main] o.s.w.s.handler.SimpleUrlHandlerMapping  : Mapped URL path [/**/favicon.ico] onto handler of type [class org.springframework.web.servlet.resource.ResourceHttpRequestHandler]
2016-06-29 15:18:12.842  INFO 9352 --- [main] o.s.b.a.e.mvc.EndpointHandlerMapping     : Mapped "{[/features || /features.json],methods=[GET],produces=[application/json]}" onto public java.lang.Object org.springframework.boot.actuate.endpoint.mvc.EndpointMvcAdapter.invoke()
2016-06-29 15:18:12.843  INFO 9352 --- [main] o.s.b.a.e.mvc.EndpointHandlerMapping     : Mapped "{[/autoconfig || /autoconfig.json],methods=[GET],produces=[application/json]}" onto public java.lang.Object org.springframework.boot.actuate.endpoint.mvc.EndpointMvcAdapter.invoke()
2016-06-29 15:18:12.845  INFO 9352 --- [main] o.s.b.a.e.mvc.EndpointHandlerMapping     : Mapped "{[/env],methods=[POST]}" onto public java.lang.Object org.springframework.cloud.context.environment.EnvironmentManagerMvcEndpoint.value(java.util.Map<java.lang.String, java.lang.String>)
2016-06-29 15:18:12.845  INFO 9352 --- [main] o.s.b.a.e.mvc.EndpointHandlerMapping     : Mapped "{[/env/reset],methods=[POST]}" onto public java.util.Map<java.lang.String, java.lang.Object> org.springframework.cloud.context.environment.EnvironmentManagerMvcEndpoint.reset()
2016-06-29 15:18:12.846  INFO 9352 --- [main] o.s.b.a.e.mvc.EndpointHandlerMapping     : Mapped "{[/pause || /pause.json],methods=[POST]}" onto public java.lang.Object org.springframework.cloud.endpoint.GenericPostableMvcEndpoint.invoke()
2016-06-29 15:18:12.849  INFO 9352 --- [main] o.s.b.a.e.mvc.EndpointHandlerMapping     : Mapped "{[/env/{name:.*}],methods=[GET],produces=[application/json]}" onto public java.lang.Object org.springframework.boot.actuate.endpoint.mvc.EnvironmentMvcEndpoint.value(java.lang.String)
2016-06-29 15:18:12.850  INFO 9352 --- [main] o.s.b.a.e.mvc.EndpointHandlerMapping     : Mapped "{[/env || /env.json],methods=[GET],produces=[application/json]}" onto public java.lang.Object org.springframework.boot.actuate.endpoint.mvc.EndpointMvcAdapter.invoke()
2016-06-29 15:18:12.852  INFO 9352 --- [main] o.s.b.a.e.mvc.EndpointHandlerMapping     : Mapped "{[/metrics/{name:.*}],methods=[GET],produces=[application/json]}" onto public java.lang.Object org.springframework.boot.actuate.endpoint.mvc.MetricsMvcEndpoint.value(java.lang.String)
2016-06-29 15:18:12.853  INFO 9352 --- [main] o.s.b.a.e.mvc.EndpointHandlerMapping     : Mapped "{[/metrics || /metrics.json],methods=[GET],produces=[application/json]}" onto public java.lang.Object org.springframework.boot.actuate.endpoint.mvc.EndpointMvcAdapter.invoke()
2016-06-29 15:18:12.854  INFO 9352 --- [main] o.s.b.a.e.mvc.EndpointHandlerMapping     : Mapped "{[/logfile || /logfile.json],methods=[GET || HEAD]}" onto public void org.springframework.boot.actuate.endpoint.mvc.LogFileMvcEndpoint.invoke(javax.servlet.http.HttpServletRequest,javax.servlet.http.HttpServletResponse) throws javax.servlet.ServletException,java.io.IOException
2016-06-29 15:18:12.856  INFO 9352 --- [main] o.s.b.a.e.mvc.EndpointHandlerMapping     : Mapped "{[/mappings || /mappings.json],methods=[GET],produces=[application/json]}" onto public java.lang.Object org.springframework.boot.actuate.endpoint.mvc.EndpointMvcAdapter.invoke()
2016-06-29 15:18:12.857  INFO 9352 --- [main] o.s.b.a.e.mvc.EndpointHandlerMapping     : Mapped "{[/restart || /restart.json],methods=[POST]}" onto public java.lang.Object org.springframework.cloud.context.restart.RestartMvcEndpoint.invoke()
2016-06-29 15:18:12.858  INFO 9352 --- [main] o.s.b.a.e.mvc.EndpointHandlerMapping     : Mapped "{[/resume || /resume.json],methods=[POST]}" onto public java.lang.Object org.springframework.cloud.endpoint.GenericPostableMvcEndpoint.invoke()
2016-06-29 15:18:12.859  INFO 9352 --- [main] o.s.b.a.e.mvc.EndpointHandlerMapping     : Mapped "{[/trace || /trace.json],methods=[GET],produces=[application/json]}" onto public java.lang.Object org.springframework.boot.actuate.endpoint.mvc.EndpointMvcAdapter.invoke()
2016-06-29 15:18:12.862  INFO 9352 --- [main] o.s.b.a.e.mvc.EndpointHandlerMapping     : Mapped "{[/configprops || /configprops.json],methods=[GET],produces=[application/json]}" onto public java.lang.Object org.springframework.boot.actuate.endpoint.mvc.EndpointMvcAdapter.invoke()
2016-06-29 15:18:12.864  INFO 9352 --- [main] o.s.b.a.e.mvc.EndpointHandlerMapping     : Mapped "{[/info || /info.json],methods=[GET],produces=[application/json]}" onto public java.lang.Object org.springframework.boot.actuate.endpoint.mvc.EndpointMvcAdapter.invoke()
2016-06-29 15:18:12.870  INFO 9352 --- [main] o.s.b.a.e.mvc.EndpointHandlerMapping     : Mapped "{[/beans || /beans.json],methods=[GET],produces=[application/json]}" onto public java.lang.Object org.springframework.boot.actuate.endpoint.mvc.EndpointMvcAdapter.invoke()
2016-06-29 15:18:12.872  INFO 9352 --- [main] o.s.b.a.e.mvc.EndpointHandlerMapping     : Mapped "{[/dump || /dump.json],methods=[GET],produces=[application/json]}" onto public java.lang.Object org.springframework.boot.actuate.endpoint.mvc.EndpointMvcAdapter.invoke()
2016-06-29 15:18:12.875  INFO 9352 --- [main] o.s.b.a.e.mvc.EndpointHandlerMapping     : Mapped "{[/health || /health.json],produces=[application/json]}" onto public java.lang.Object org.springframework.boot.actuate.endpoint.mvc.HealthMvcEndpoint.invoke(java.security.Principal)
2016-06-29 15:18:12.881  INFO 9352 --- [main] o.s.b.a.e.mvc.EndpointHandlerMapping     : Mapped "{[/refresh || /refresh.json],methods=[POST]}" onto public java.lang.Object org.springframework.cloud.endpoint.GenericPostableMvcEndpoint.invoke()
2016-06-29 15:18:12.885  INFO 9352 --- [main] o.s.b.a.e.mvc.EndpointHandlerMapping     : Mapped "{[/archaius || /archaius.json],methods=[GET],produces=[application/json]}" onto public java.lang.Object org.springframework.boot.actuate.endpoint.mvc.EndpointMvcAdapter.invoke()
2016-06-29 15:18:13.078  WARN 9352 --- [main] c.n.c.sources.URLConfigurationSource     : No URLs will be polled as dynamic configuration sources.
2016-06-29 15:18:13.078  INFO 9352 --- [main] c.n.c.sources.URLConfigurationSource     : To enable URLs as dynamic configuration sources, define System property archaius.configurationSource.additionalUrls or make config.properties available on classpath.
2016-06-29 15:18:13.099  WARN 9352 --- [main] c.n.c.sources.URLConfigurationSource     : No URLs will be polled as dynamic configuration sources.
2016-06-29 15:18:13.099  INFO 9352 --- [main] c.n.c.sources.URLConfigurationSource     : To enable URLs as dynamic configuration sources, define System property archaius.configurationSource.additionalUrls or make config.properties available on classpath.
2016-06-29 15:18:13.233  INFO 9352 --- [main] o.s.j.e.a.AnnotationMBeanExporter        : Registering beans for JMX exposure on startup
2016-06-29 15:18:13.254  INFO 9352 --- [main] o.s.j.e.a.AnnotationMBeanExporter        : Bean with name 'refreshScope' has been autodetected for JMX exposure
2016-06-29 15:18:13.257  INFO 9352 --- [main] o.s.j.e.a.AnnotationMBeanExporter        : Bean with name 'environmentManager' has been autodetected for JMX exposure
2016-06-29 15:18:13.264  INFO 9352 --- [main] o.s.j.e.a.AnnotationMBeanExporter        : Bean with name 'configurationPropertiesRebinder' has been autodetected for JMX exposure
2016-06-29 15:18:13.266  INFO 9352 --- [main] o.s.j.e.a.AnnotationMBeanExporter        : Bean with name 'refreshEndpoint' has been autodetected for JMX exposure
2016-06-29 15:18:13.267  INFO 9352 --- [main] o.s.j.e.a.AnnotationMBeanExporter        : Bean with name 'restartEndpoint' has been autodetected for JMX exposure
2016-06-29 15:18:13.278  INFO 9352 --- [main] o.s.j.e.a.AnnotationMBeanExporter        : Located managed bean 'environmentManager': registering with JMX server as MBean [org.springframework.cloud.context.environment:name=environmentManager,type=EnvironmentManager]
2016-06-29 15:18:13.312  INFO 9352 --- [main] o.s.j.e.a.AnnotationMBeanExporter        : Located managed bean 'restartEndpoint': registering with JMX server as MBean [org.springframework.cloud.context.restart:name=restartEndpoint,type=RestartEndpoint]
2016-06-29 15:18:13.359  INFO 9352 --- [main] o.s.j.e.a.AnnotationMBeanExporter        : Located managed bean 'refreshScope': registering with JMX server as MBean [org.springframework.cloud.context.scope.refresh:name=refreshScope,type=RefreshScope]
2016-06-29 15:18:13.383  INFO 9352 --- [main] o.s.j.e.a.AnnotationMBeanExporter        : Located managed bean 'configurationPropertiesRebinder': registering with JMX server as MBean [org.springframework.cloud.context.properties:name=configurationPropertiesRebinder,context=9520fdf,type=ConfigurationPropertiesRebinder]
2016-06-29 15:18:13.407  INFO 9352 --- [main] o.s.j.e.a.AnnotationMBeanExporter        : Located managed bean 'refreshEndpoint': registering with JMX server as MBean [org.springframework.cloud.endpoint:name=refreshEndpoint,type=RefreshEndpoint]
2016-06-29 15:18:13.645  INFO 9352 --- [main] o.s.c.support.DefaultLifecycleProcessor  : Starting beans in phase 0
2016-06-29 15:18:13.664  INFO 9352 --- [main] o.s.c.n.eureka.InstanceInfoFactory       : Setting initial instance status as: STARTING
2016-06-29 15:18:14.373  INFO 9352 --- [main] c.n.d.provider.DiscoveryJerseyProvider   : Using JSON encoding codec LegacyJacksonJson
2016-06-29 15:18:14.376  INFO 9352 --- [main] c.n.d.provider.DiscoveryJerseyProvider   : Using JSON decoding codec LegacyJacksonJson
2016-06-29 15:18:14.605  INFO 9352 --- [main] c.n.d.provider.DiscoveryJerseyProvider   : Using XML encoding codec XStreamXml
2016-06-29 15:18:14.605  INFO 9352 --- [main] c.n.d.provider.DiscoveryJerseyProvider   : Using XML decoding codec XStreamXml
2016-06-29 15:18:15.035  INFO 9352 --- [main] c.n.d.s.r.aws.ConfigClusterResolver      : Resolving eureka endpoints via configuration
2016-06-29 15:18:15.230  INFO 9352 --- [main] com.netflix.discovery.DiscoveryClient    : Disable delta property : false
2016-06-29 15:18:15.231  INFO 9352 --- [main] com.netflix.discovery.DiscoveryClient    : Single vip registry refresh property : null
2016-06-29 15:18:15.234  INFO 9352 --- [main] com.netflix.discovery.DiscoveryClient    : Force full registry fetch : false
2016-06-29 15:18:15.238  INFO 9352 --- [main] com.netflix.discovery.DiscoveryClient    : Application is null : false
2016-06-29 15:18:15.239  INFO 9352 --- [main] com.netflix.discovery.DiscoveryClient    : Registered Applications size is zero : true
2016-06-29 15:18:15.255  INFO 9352 --- [main] com.netflix.discovery.DiscoveryClient    : Application version is -1: true
2016-06-29 15:18:15.279  INFO 9352 --- [main] com.netflix.discovery.DiscoveryClient    : Getting all instance registry info from the eureka server
2016-06-29 15:18:15.588  INFO 9352 --- [main] com.netflix.discovery.DiscoveryClient    : The response status is 200
2016-06-29 15:18:15.597  INFO 9352 --- [main] com.netflix.discovery.DiscoveryClient    : Starting heartbeat executor: renew interval is: 30
2016-06-29 15:18:15.609  INFO 9352 --- [main] c.n.discovery.InstanceInfoReplicator     : InstanceInfoReplicator onDemand update allowed rate per min is 4
2016-06-29 15:18:15.663  INFO 9352 --- [main] c.n.e.EurekaDiscoveryClientConfiguration : Registering application web-portal with eureka with status UP
2016-06-29 15:18:15.667  INFO 9352 --- [main] com.netflix.discovery.DiscoveryClient    : Saw local status change event StatusChangeEvent [timestamp=1467193695667, current=UP, previous=STARTING]
2016-06-29 15:18:15.678  INFO 9352 --- [DiscoveryClient-InstanceInfoReplicator-0] com.netflix.discovery.DiscoveryClient    : DiscoveryClient_WEB-PORTAL/M2241383.asia.jci.com:web-portal: registering service...
2016-06-29 15:18:15.948  INFO 9352 --- [main] s.b.c.e.t.TomcatEmbeddedServletContainer : Tomcat started on port(s): 8080 (http)
2016-06-29 15:18:15.955  INFO 9352 --- [main] c.n.e.EurekaDiscoveryClientConfiguration : Updating port to 8080
2016-06-29 15:18:15.963  INFO 9352 --- [main] com.jci.portal.Application               : Started Application in 13.56 seconds (JVM running for 14.34)
2016-06-29 15:18:15.989  INFO 9352 --- [DiscoveryClient-InstanceInfoReplicator-0] com.netflix.discovery.DiscoveryClient    : DiscoveryClient_WEB-PORTAL/M2241383.asia.jci.com:web-portal - registration status: 204
2016-06-29 15:18:45.596  INFO 9352 --- [DiscoveryClient-CacheRefreshExecutor-0] com.netflix.discovery.DiscoveryClient    : Disable delta property : false
2016-06-29 15:18:45.599  INFO 9352 --- [DiscoveryClient-CacheRefreshExecutor-0] com.netflix.discovery.DiscoveryClient    : Single vip registry refresh property : null
2016-06-29 15:18:45.601  INFO 9352 --- [DiscoveryClient-CacheRefreshExecutor-0] com.netflix.discovery.DiscoveryClient    : Force full registry fetch : false
2016-06-29 15:18:45.602  INFO 9352 --- [DiscoveryClient-CacheRefreshExecutor-0] com.netflix.discovery.DiscoveryClient    : Application is null : false
2016-06-29 15:18:45.611  INFO 9352 --- [DiscoveryClient-CacheRefreshExecutor-0] com.netflix.discovery.DiscoveryClient    : Registered Applications size is zero : true
2016-06-29 15:18:45.613  INFO 9352 --- [DiscoveryClient-CacheRefreshExecutor-0] com.netflix.discovery.DiscoveryClient    : Application version is -1: false
2016-06-29 15:18:45.622  INFO 9352 --- [DiscoveryClient-CacheRefreshExecutor-0] com.netflix.discovery.DiscoveryClient    : Getting all instance registry info from the eureka server
2016-06-29 15:18:45.658  INFO 9352 --- [DiscoveryClient-CacheRefreshExecutor-0] com.netflix.discovery.DiscoveryClient    : The response status is 200
2016-06-29 15:22:50.963  INFO 9352 --- [Thread-6] ationConfigEmbeddedWebApplicationContext : Closing org.springframework.boot.context.embedded.AnnotationConfigEmbeddedWebApplicationContext@9520fdf: startup date [Wed Jun 29 15:18:07 IST 2016]; parent: org.springframework.context.annotation.AnnotationConfigApplicationContext@508a3404
2016-06-29 15:22:50.979  INFO 9352 --- [Thread-6] c.n.e.EurekaDiscoveryClientConfiguration : Unregistering application web-portal with eureka with status DOWN
2016-06-29 15:22:50.979  WARN 9352 --- [Thread-6] com.netflix.discovery.DiscoveryClient    : Saw local status change event StatusChangeEvent [timestamp=1467193970979, current=DOWN, previous=UP]
2016-06-29 15:22:50.994  INFO 9352 --- [Thread-6] com.netflix.discovery.DiscoveryClient    : DiscoveryClient_WEB-PORTAL/M2241383.asia.jci.com:web-portal - deregister  status: 200
2016-06-29 15:22:50.994  INFO 9352 --- [Thread-6] o.s.c.support.DefaultLifecycleProcessor  : Stopping beans in phase 0
2016-06-29 15:22:51.010  INFO 9352 --- [Thread-6] o.s.j.e.a.AnnotationMBeanExporter        : Unregistering JMX-exposed beans on shutdown
2016-06-29 15:22:51.010  INFO 9352 --- [Thread-6] o.s.j.e.a.AnnotationMBeanExporter        : Unregistering JMX-exposed beans
